# Copyright (C) 1991-2013 Altera Corporation
# Your use of Altera Corporation's design tools, logic functions 
# and other software and tools, and its AMPP partner logic 
# functions, and any output files from any of the foregoing 
# (including device programming or simulation files), and any 
# associated documentation or information are expressly subject 
# to the terms and conditions of the Altera Program License 
# Subscription Agreement, Altera MegaCore Function License 
# Agreement, or other applicable license agreement, including, 
# without limitation, that your use is for the sole purpose of 
# programming logic devices manufactured by Altera and sold by 
# Altera or its authorized distributors.  Please refer to the 
# applicable agreement for further details.

# Signal Activity File Name: "aes.rpt"
# Created On: "11/18/2019 16:14:56"
# Created By: "Version 13.0.1 Build 232 06/12/2013 Service Pack 1 SJ Web Edition"
# This file was created by the Quartus(R) II PowerPlay Power Analyzer.

FORMAT_VERSION 1;

DEFINE_FLAG TOGGLE_RATE_FROM_SIMULATION 0x1;
DEFINE_FLAG STATIC_PROBABILITY_FROM_SIMULATION 0x2;
DEFINE_FLAG TOGGLE_RATE_FROM_USER 0x4;
DEFINE_FLAG STATIC_PROBABILITY_FROM_USER 0x8;
DEFINE_FLAG TOGGLE_RATE_FROM_USER_DEFAULT 0x10;
DEFINE_FLAG STATIC_PROBABILITY_FROM_USER_DEFAULT 0x20;
DEFINE_FLAG TOGGLE_RATE_FROM_VECTORLESS_ESTIMATION 0x40;
DEFINE_FLAG STATIC_PROBABILITY_FROM_VECTORLESS_ESTIMATION 0x80;
DEFINE_FLAG TOGGLE_RATE_ASSUMED_ZERO 0x100;
DEFINE_FLAG TOGGLE_RATE_CLIPPED_TO_MAX 0x200;

BEGIN_OUTPUT_SIGNAL_INFO;

# Output Signal Information Line Format Description:

# <one or more spaces><partial output signal name><spaces>[<flags mask><spaces><toggle rate><spaces><static probability>]<;>

 hard_block:auto_generated_inst;
 chipher[0] 0x3 2.66667e+06 0.0333333;
 chipher[0]~output 0x3 2.66667e+06 0.0333333;
 chipher[1] 0x3 1e+06 0.946;
 chipher[1]~output 0x3 1e+06 0.946;
 chipher[2] 0x3 1.33333e+06 0.0333333;
 chipher[2]~output 0x3 1.33333e+06 0.0333333;
 chipher[3] 0x3 2e+06 0.0333333;
 chipher[3]~output 0x3 2e+06 0.0333333;
 chipher[4] 0x3 1e+06 0.939333;
 chipher[4]~output 0x3 1e+06 0.939333;
 chipher[5] 0x3 1.66667e+06 0.940667;
 chipher[5]~output 0x3 1.66667e+06 0.940667;
 chipher[6] 0x3 2e+06 0.0253333;
 chipher[6]~output 0x3 2e+06 0.0253333;
 chipher[7] 0x3 1.33333e+06 0.0253333;
 chipher[7]~output 0x3 1.33333e+06 0.0253333;
 chipher[8] 0x3 1e+06 0.940667;
 chipher[8]~output 0x3 1e+06 0.940667;
 chipher[9] 0x3 2.33333e+06 0.952667;
 chipher[9]~output 0x3 2.33333e+06 0.952667;
 chipher[10] 0x3 2e+06 0.0266667;
 chipher[10]~output 0x3 2e+06 0.0266667;
 chipher[11] 0x3 2.33333e+06 0.954;
 chipher[11]~output 0x3 2.33333e+06 0.954;
 chipher[12] 0x3 2e+06 0.0333333;
 chipher[12]~output 0x3 2e+06 0.0333333;
 chipher[13] 0x3 1.33333e+06 0.0133333;
 chipher[13]~output 0x3 1.33333e+06 0.0133333;
 chipher[14] 0x3 2e+06 0.0386667;
 chipher[14]~output 0x3 2e+06 0.0386667;
 chipher[15] 0x3 1.33333e+06 0.0266667;
 chipher[15]~output 0x3 1.33333e+06 0.0266667;
 chipher[16] 0x3 2e+06 0.0186667;
 chipher[16]~output 0x3 2e+06 0.0186667;
 chipher[17] 0x3 1.66667e+06 0.966;
 chipher[17]~output 0x3 1.66667e+06 0.966;
 chipher[18] 0x3 2e+06 0.0266667;
 chipher[18]~output 0x3 2e+06 0.0266667;
 chipher[19] 0x3 2.33333e+06 0.960667;
 chipher[19]~output 0x3 2.33333e+06 0.960667;
 chipher[20] 0x3 2e+06 0.0466667;
 chipher[20]~output 0x3 2e+06 0.0466667;
 chipher[21] 0x3 1.66667e+06 0.960667;
 chipher[21]~output 0x3 1.66667e+06 0.960667;
 chipher[22] 0x3 2.33333e+06 0.959333;
 chipher[22]~output 0x3 2.33333e+06 0.959333;
 chipher[23] 0x3 1.33333e+06 0.0453333;
 chipher[23]~output 0x3 1.33333e+06 0.0453333;
 chipher[24] 0x3 1.66667e+06 0.966;
 chipher[24]~output 0x3 1.66667e+06 0.966;
 chipher[25] 0x3 2.66667e+06 0.0253333;
 chipher[25]~output 0x3 2.66667e+06 0.0253333;
 chipher[26] 0x3 1.33333e+06 0.0333333;
 chipher[26]~output 0x3 1.33333e+06 0.0333333;
 chipher[27] 0x3 2.33333e+06 0.966;
 chipher[27]~output 0x3 2.33333e+06 0.966;
 chipher[28] 0x3 1.66667e+06 0.959333;
 chipher[28]~output 0x3 1.66667e+06 0.959333;
 chipher[29] 0x3 2e+06 0.0266667;
 chipher[29]~output 0x3 2e+06 0.0266667;
 chipher[30] 0x3 2e+06 0.04;
 chipher[30]~output 0x3 2e+06 0.04;
 chipher[31] 0x3 2.66667e+06 0.0333333;
 chipher[31]~output 0x3 2.66667e+06 0.0333333;
 chipher[32] 0x3 1e+06 0.959333;
 chipher[32]~output 0x3 1e+06 0.959333;
 chipher[33] 0x3 1.66667e+06 0.959333;
 chipher[33]~output 0x3 1.66667e+06 0.959333;
 chipher[34] 0x3 333333 0.946;
 chipher[34]~output 0x3 333333 0.946;
 chipher[35] 0x3 2.66667e+06 0.0266667;
 chipher[35]~output 0x3 2.66667e+06 0.0266667;
 chipher[36] 0x3 1e+06 0.954;
 chipher[36]~output 0x3 1e+06 0.954;
 chipher[37] 0x3 2e+06 0.0453333;
 chipher[37]~output 0x3 2e+06 0.0453333;
 chipher[38] 0x3 2.66667e+06 0.032;
 chipher[38]~output 0x3 2.66667e+06 0.032;
 chipher[39] 0x3 1.66667e+06 0.952667;
 chipher[39]~output 0x3 1.66667e+06 0.952667;
 chipher[40] 0x3 2.33333e+06 0.966;
 chipher[40]~output 0x3 2.33333e+06 0.966;
 chipher[41] 0x3 2e+06 0.032;
 chipher[41]~output 0x3 2e+06 0.032;
 chipher[42] 0x3 1.66667e+06 0.940667;
 chipher[42]~output 0x3 1.66667e+06 0.940667;
 chipher[43] 0x3 2e+06 0.04;
 chipher[43]~output 0x3 2e+06 0.04;
 chipher[44] 0x3 1.33333e+06 0.0386667;
 chipher[44]~output 0x3 1.33333e+06 0.0386667;
 chipher[45] 0x3 2e+06 0.0266667;
 chipher[45]~output 0x3 2e+06 0.0266667;
 chipher[46] 0x3 1.33333e+06 0.02;
 chipher[46]~output 0x3 1.33333e+06 0.02;
 chipher[47] 0x3 3e+06 0.960667;
 chipher[47]~output 0x3 3e+06 0.960667;
 chipher[48] 0x3 1.66667e+06 0.959333;
 chipher[48]~output 0x3 1.66667e+06 0.959333;
 chipher[49] 0x3 666667 0.0266667;
 chipher[49]~output 0x3 666667 0.0266667;
 chipher[50] 0x3 2e+06 0.02;
 chipher[50]~output 0x3 2e+06 0.02;
 chipher[51] 0x3 2e+06 0.02;
 chipher[51]~output 0x3 2e+06 0.02;
 chipher[52] 0x3 2.33333e+06 0.954;
 chipher[52]~output 0x3 2.33333e+06 0.954;
 chipher[53] 0x3 2e+06 0.032;
 chipher[53]~output 0x3 2e+06 0.032;
 chipher[54] 0x3 1.33333e+06 0.0533333;
 chipher[54]~output 0x3 1.33333e+06 0.0533333;
 chipher[55] 0x3 2.66667e+06 0.0453333;
 chipher[55]~output 0x3 2.66667e+06 0.0453333;
 chipher[56] 0x3 2e+06 0.0386667;
 chipher[56]~output 0x3 2e+06 0.0386667;
 chipher[57] 0x3 2e+06 0.032;
 chipher[57]~output 0x3 2e+06 0.032;
 chipher[58] 0x3 2.33333e+06 0.947333;
 chipher[58]~output 0x3 2.33333e+06 0.947333;
 chipher[59] 0x3 1.66667e+06 0.972667;
 chipher[59]~output 0x3 1.66667e+06 0.972667;
 chipher[60] 0x3 1.66667e+06 0.947333;
 chipher[60]~output 0x3 1.66667e+06 0.947333;
 chipher[61] 0x3 1.33333e+06 0.0333333;
 chipher[61]~output 0x3 1.33333e+06 0.0333333;
 chipher[62] 0x3 2.33333e+06 0.967333;
 chipher[62]~output 0x3 2.33333e+06 0.967333;
 chipher[63] 0x3 3e+06 0.966;
 chipher[63]~output 0x3 3e+06 0.966;
 chipher[64] 0x3 1.66667e+06 0.980667;
 chipher[64]~output 0x3 1.66667e+06 0.980667;
 chipher[65] 0x3 2.33333e+06 0.960667;
 chipher[65]~output 0x3 2.33333e+06 0.960667;
 chipher[66] 0x3 1.33333e+06 0.0453333;
 chipher[66]~output 0x3 1.33333e+06 0.0453333;
 chipher[67] 0x3 1.66667e+06 0.980667;
 chipher[67]~output 0x3 1.66667e+06 0.980667;
 chipher[68] 0x3 1e+06 0.940667;
 chipher[68]~output 0x3 1e+06 0.940667;
 chipher[69] 0x3 2.33333e+06 0.967333;
 chipher[69]~output 0x3 2.33333e+06 0.967333;
 chipher[70] 0x3 1.66667e+06 0.954;
 chipher[70]~output 0x3 1.66667e+06 0.954;
 chipher[71] 0x3 1.66667e+06 0.952667;
 chipher[71]~output 0x3 1.66667e+06 0.952667;
 chipher[72] 0x3 2.33333e+06 0.967333;
 chipher[72]~output 0x3 2.33333e+06 0.967333;
 chipher[73] 0x3 3.33333e+06 0.0333333;
 chipher[73]~output 0x3 3.33333e+06 0.0333333;
 chipher[74] 0x3 2e+06 0.0333333;
 chipher[74]~output 0x3 2e+06 0.0333333;
 chipher[75] 0x3 2.33333e+06 0.952667;
 chipher[75]~output 0x3 2.33333e+06 0.952667;
 chipher[76] 0x3 2e+06 0.0386667;
 chipher[76]~output 0x3 2e+06 0.0386667;
 chipher[77] 0x3 2.66667e+06 0.0453333;
 chipher[77]~output 0x3 2.66667e+06 0.0453333;
 chipher[78] 0x3 2.66667e+06 0.0333333;
 chipher[78]~output 0x3 2.66667e+06 0.0333333;
 chipher[79] 0x3 2e+06 0.0333333;
 chipher[79]~output 0x3 2e+06 0.0333333;
 chipher[80] 0x3 1.33333e+06 0.0466667;
 chipher[80]~output 0x3 1.33333e+06 0.0466667;
 chipher[81] 0x3 2e+06 0.0253333;
 chipher[81]~output 0x3 2e+06 0.0253333;
 chipher[82] 0x3 1e+06 0.966;
 chipher[82]~output 0x3 1e+06 0.966;
 chipher[83] 0x3 1.66667e+06 0.959333;
 chipher[83]~output 0x3 1.66667e+06 0.959333;
 chipher[84] 0x3 1.66667e+06 0.960667;
 chipher[84]~output 0x3 1.66667e+06 0.960667;
 chipher[85] 0x3 2e+06 0.0186667;
 chipher[85]~output 0x3 2e+06 0.0186667;
 chipher[86] 0x3 3e+06 0.967333;
 chipher[86]~output 0x3 3e+06 0.967333;
 chipher[87] 0x3 1.66667e+06 0.954;
 chipher[87]~output 0x3 1.66667e+06 0.954;
 chipher[88] 0x3 2e+06 0.0386667;
 chipher[88]~output 0x3 2e+06 0.0386667;
 chipher[89] 0x3 1e+06 0.934;
 chipher[89]~output 0x3 1e+06 0.934;
 chipher[90] 0x3 2e+06 0.02;
 chipher[90]~output 0x3 2e+06 0.02;
 chipher[91] 0x3 2.66667e+06 0.032;
 chipher[91]~output 0x3 2.66667e+06 0.032;
 chipher[92] 0x3 1.33333e+06 0.0186667;
 chipher[92]~output 0x3 1.33333e+06 0.0186667;
 chipher[93] 0x3 1.33333e+06 0.0333333;
 chipher[93]~output 0x3 1.33333e+06 0.0333333;
 chipher[94] 0x3 1.33333e+06 0.0386667;
 chipher[94]~output 0x3 1.33333e+06 0.0386667;
 chipher[95] 0x3 1.33333e+06 0.02;
 chipher[95]~output 0x3 1.33333e+06 0.02;
 chipher[96] 0x3 1.66667e+06 0.954;
 chipher[96]~output 0x3 1.66667e+06 0.954;
 chipher[97] 0x3 2e+06 0.0386667;
 chipher[97]~output 0x3 2e+06 0.0386667;
 chipher[98] 0x3 2.33333e+06 0.959333;
 chipher[98]~output 0x3 2.33333e+06 0.959333;
 chipher[99] 0x3 1.66667e+06 0.952667;
 chipher[99]~output 0x3 1.66667e+06 0.952667;
 chipher[100] 0x3 1e+06 0.972667;
 chipher[100]~output 0x3 1e+06 0.972667;
 chipher[101] 0x3 2e+06 0.04;
 chipher[101]~output 0x3 2e+06 0.04;
 chipher[102] 0x3 2e+06 0.0333333;
 chipher[102]~output 0x3 2e+06 0.0333333;
 chipher[103] 0x3 2e+06 0.04;
 chipher[103]~output 0x3 2e+06 0.04;
 chipher[104] 0x3 1.33333e+06 0.0333333;
 chipher[104]~output 0x3 1.33333e+06 0.0333333;
 chipher[105] 0x3 1.33333e+06 0.0586667;
 chipher[105]~output 0x3 1.33333e+06 0.0586667;
 chipher[106] 0x3 1.66667e+06 0.974;
 chipher[106]~output 0x3 1.66667e+06 0.974;
 chipher[107] 0x3 1.33333e+06 0.0466667;
 chipher[107]~output 0x3 1.33333e+06 0.0466667;
 chipher[108] 0x3 2e+06 0.032;
 chipher[108]~output 0x3 2e+06 0.032;
 chipher[109] 0x3 2e+06 0.0386667;
 chipher[109]~output 0x3 2e+06 0.0386667;
 chipher[110] 0x3 1.33333e+06 0.0586667;
 chipher[110]~output 0x3 1.33333e+06 0.0586667;
 chipher[111] 0x3 1e+06 0.939333;
 chipher[111]~output 0x3 1e+06 0.939333;
 chipher[112] 0x3 2.33333e+06 0.954;
 chipher[112]~output 0x3 2.33333e+06 0.954;
 chipher[113] 0x3 2.66667e+06 0.0266667;
 chipher[113]~output 0x3 2.66667e+06 0.0266667;
 chipher[114] 0x3 1.66667e+06 0.960667;
 chipher[114]~output 0x3 1.66667e+06 0.960667;
 chipher[115] 0x3 1.33333e+06 0.0333333;
 chipher[115]~output 0x3 1.33333e+06 0.0333333;
 chipher[116] 0x3 1.33333e+06 0.02;
 chipher[116]~output 0x3 1.33333e+06 0.02;
 chipher[117] 0x3 1.66667e+06 0.940667;
 chipher[117]~output 0x3 1.66667e+06 0.940667;
 chipher[118] 0x3 2e+06 0.0186667;
 chipher[118]~output 0x3 2e+06 0.0186667;
 chipher[119] 0x3 2e+06 0.0266667;
 chipher[119]~output 0x3 2e+06 0.0266667;
 chipher[120] 0x3 1.66667e+06 0.946;
 chipher[120]~output 0x3 1.66667e+06 0.946;
 chipher[121] 0x3 1.33333e+06 0.032;
 chipher[121]~output 0x3 1.33333e+06 0.032;
 chipher[122] 0x3 1.33333e+06 0.0133333;
 chipher[122]~output 0x3 1.33333e+06 0.0133333;
 chipher[123] 0x3 1.66667e+06 0.966;
 chipher[123]~output 0x3 1.66667e+06 0.966;
 chipher[124] 0x3 2.33333e+06 0.947333;
 chipher[124]~output 0x3 2.33333e+06 0.947333;
 chipher[125] 0x3 1.66667e+06 0.972667;
 chipher[125]~output 0x3 1.66667e+06 0.972667;
 chipher[126] 0x3 1.33333e+06 0.0386667;
 chipher[126]~output 0x3 1.33333e+06 0.0386667;
 chipher[127] 0x3 2e+06 0.0386667;
 chipher[127]~output 0x3 2e+06 0.0386667;
 en_c 0x3 6.66667e+06 0.0133333;
 en_c~output 0x3 6.66667e+06 0.0133333;
 en_r 0x3 7e+06 0.0206667;
 en_ra 0x3 7.33333e+06 0.016;
 en_ra~output 0x3 7.33333e+06 0.016;
 en_rk2 0x3 6.66667e+06 0.0133333;
 en_rk2~output 0x3 6.66667e+06 0.0133333;
 en_r~output 0x3 7e+06 0.0206667;
 en_t 0x3 666667 0.0666667;
 en_t~output 0x3 666667 0.0666667;
 osc_clk 0x3 5e+08 0.5;
 osc_clk~input 0x3 5e+08 0.5;
 osc_clk~inputclkctrl 0x3 5e+08 0.5;
 fsm:pc;
  enable_top~0 0x3 666667 0.0666667;
  Equal0~0 0x3 666667 0.994667;
  Equal2~0 0x3 333333 0.932667;
  Selector3~0 0x3 7.33333e+06 0.016;
  Selector4~0 0x3 6.66667e+06 0.052;
  Selector4~1 0x3 333333 0.991333;
  Selector4~2 0x3 666667 0.936;
  Selector5~0 0x3 6.66667e+06 0.052;
  Selector5~1 0x3 666667 0.00533333;
  state.s0 0x3 333333 0.994;
  state.s0~0 0x3 333333 0.994667;
  state.s1 0x3 666667 0.00133333;
  state.s2 0x3 6.66667e+06 0.0133333;
  state.s3 0x3 6.66667e+06 0.0133333;
  state.s4 0x3 6.66667e+06 0.0133333;
  state.s5 0x3 6e+06 0.012;
  state.s6 0x3 6.66667e+06 0.0133333;
  state.s7 0x3 333333 0.927333;
  state~10 0x3 333333 0.928667;
  state~11 0x3 6.66667e+06 0.0133333;
  state~12 0x3 666667 0.000666667;
  state~13 0x3 6.66667e+06 0.0133333;
  state~14 0x3 6.66667e+06 0.0133333;
  state~15 0x3 6.66667e+06 0.0133333;
  state~16 0x3 6e+06 0.012;
  WideOr3~0 0x3 7e+06 0.0206667;
  WideOr8 0x3 6.33333e+06 0.034;
  WideOr9 0x3 7e+06 0.0326667;
  WideOr10~0 0x3 1.36667e+07 0.046;
 operational:po;
  addRoundKey:add1;
   state_out[0] 0x3 4.66667e+06 0.0346667;
   state_out[1] 0x3 2.33333e+06 0.952667;
   state_out[2] 0x3 2e+06 0.0506667;
   state_out[3] 0x3 4.66667e+06 0.0413333;
   state_out[4] 0x3 3.66667e+06 0.962;
   state_out[5] 0x3 5e+06 0.958;
   state_out[6] 0x3 3.33333e+06 0.0293333;
   state_out[7] 0x3 2.66667e+06 0.0293333;
   state_out[8] 0x3 4.33333e+06 0.960667;
   state_out[9] 0x3 3e+06 0.960667;
   state_out[10] 0x3 3.33333e+06 0.0373333;
   state_out[11] 0x3 3e+06 0.960667;
   state_out[12] 0x3 2.66667e+06 0.0373333;
   state_out[13] 0x3 2.66667e+06 0.0173333;
   state_out[14] 0x3 4.66667e+06 0.044;
   state_out[15] 0x3 4e+06 0.0293333;
   state_out[16] 0x3 5.33333e+06 0.0333333;
   state_out[17] 0x3 4.33333e+06 0.976667;
   state_out[18] 0x3 4e+06 0.0453333;
   state_out[19] 0x3 3e+06 0.968667;
   state_out[20] 0x3 4e+06 0.0333333;
   state_out[21] 0x3 5.66667e+06 0.955333;
   state_out[22] 0x3 4.33333e+06 0.966;
   state_out[23] 0x3 4e+06 0.0386667;
   state_out[24] 0x3 4.33333e+06 0.972667;
   state_out[25] 0x3 4.66667e+06 0.0293333;
   state_out[26] 0x3 2e+06 0.0306667;
   state_out[27] 0x3 3.66667e+06 0.972667;
   state_out[28] 0x3 3.66667e+06 0.955333;
   state_out[29] 0x3 4e+06 0.0253333;
   state_out[30] 0x3 3.33333e+06 0.04;
   state_out[31] 0x3 3.33333e+06 0.0226667;
   state_out[32] 0x3 5e+06 0.960667;
   state_out[33] 0x3 5e+06 0.959333;
   state_out[34] 0x3 3.66667e+06 0.955333;
   state_out[35] 0x3 3.33333e+06 0.036;
   state_out[36] 0x3 4.33333e+06 0.956667;
   state_out[37] 0x3 4e+06 0.0293333;
   state_out[38] 0x3 4e+06 0.0346667;
   state_out[39] 0x3 3.66667e+06 0.968667;
   state_out[40] 0x3 5e+06 0.968667;
   state_out[41] 0x3 4e+06 0.0346667;
   state_out[42] 0x3 3.66667e+06 0.952667;
   state_out[43] 0x3 4e+06 0.0293333;
   state_out[44] 0x3 4.66667e+06 0.0453333;
   state_out[45] 0x3 4e+06 0.0346667;
   state_out[46] 0x3 3.33333e+06 0.0253333;
   state_out[47] 0x3 3.66667e+06 0.960667;
   state_out[48] 0x3 3.66667e+06 0.975333;
   state_out[49] 0x3 6e+06 0.0333333;
   state_out[50] 0x3 4e+06 0.0306667;
   state_out[51] 0x3 3.33333e+06 0.0213333;
   state_out[52] 0x3 4.33333e+06 0.963333;
   state_out[53] 0x3 3.33333e+06 0.0426667;
   state_out[54] 0x3 3.33333e+06 0.0506667;
   state_out[55] 0x3 4e+06 0.0493333;
   state_out[56] 0x3 4.66667e+06 0.0493333;
   state_out[57] 0x3 3.33333e+06 0.0293333;
   state_out[58] 0x3 3e+06 0.962;
   state_out[59] 0x3 4.33333e+06 0.968667;
   state_out[60] 0x3 4.33333e+06 0.947333;
   state_out[61] 0x3 4e+06 0.0453333;
   state_out[62] 0x3 3.66667e+06 0.967333;
   state_out[63] 0x3 3.66667e+06 0.97;
   state_out[64] 0x3 3.66667e+06 0.968667;
   state_out[65] 0x3 4.33333e+06 0.966;
   state_out[66] 0x3 3.33333e+06 0.0506667;
   state_out[67] 0x3 4.33333e+06 0.971333;
   state_out[68] 0x3 4.33333e+06 0.956667;
   state_out[69] 0x3 5e+06 0.967333;
   state_out[70] 0x3 4.33333e+06 0.958;
   state_out[71] 0x3 3.66667e+06 0.967333;
   state_out[72] 0x3 5e+06 0.967333;
   state_out[73] 0x3 4.66667e+06 0.0346667;
   state_out[74] 0x3 3.33333e+06 0.0346667;
   state_out[75] 0x3 3.66667e+06 0.954;
   state_out[76] 0x3 4e+06 0.04;
   state_out[77] 0x3 4e+06 0.0413333;
   state_out[78] 0x3 5.33333e+06 0.036;
   state_out[79] 0x3 4e+06 0.0413333;
   state_out[80] 0x3 1.33333e+06 0.044;
   state_out[81] 0x3 3.33333e+06 0.0386667;
   state_out[82] 0x3 3e+06 0.968667;
   state_out[83] 0x3 3.66667e+06 0.971333;
   state_out[84] 0x3 4.33333e+06 0.968667;
   state_out[85] 0x3 2.66667e+06 0.0253333;
   state_out[86] 0x3 4.33333e+06 0.958;
   state_out[87] 0x3 3.66667e+06 0.959333;
   state_out[88] 0x3 4e+06 0.0333333;
   state_out[89] 0x3 3.66667e+06 0.946;
   state_out[90] 0x3 2.66667e+06 0.02;
   state_out[91] 0x3 4e+06 0.0493333;
   state_out[92] 0x3 4e+06 0.0253333;
   state_out[93] 0x3 5.33333e+06 0.04;
   state_out[94] 0x3 4.66667e+06 0.0346667;
   state_out[95] 0x3 4.66667e+06 0.024;
   state_out[96] 0x3 3e+06 0.958;
   state_out[97] 0x3 4.66667e+06 0.0453333;
   state_out[98] 0x3 3.66667e+06 0.968667;
   state_out[99] 0x3 3e+06 0.946;
   state_out[100] 0x3 3.66667e+06 0.978;
   state_out[101] 0x3 3.33333e+06 0.028;
   state_out[102] 0x3 3.33333e+06 0.0346667;
   state_out[103] 0x3 2.66667e+06 0.0306667;
   state_out[104] 0x3 4.66667e+06 0.0333333;
   state_out[105] 0x3 5.33333e+06 0.0413333;
   state_out[106] 0x3 2.33333e+06 0.983333;
   state_out[107] 0x3 2.66667e+06 0.0466667;
   state_out[108] 0x3 4e+06 0.04;
   state_out[109] 0x3 4e+06 0.028;
   state_out[110] 0x3 4.66667e+06 0.04;
   state_out[111] 0x3 3.66667e+06 0.942;
   state_out[112] 0x3 4.33333e+06 0.955333;
   state_out[113] 0x3 4e+06 0.0373333;
   state_out[114] 0x3 4.33333e+06 0.968667;
   state_out[115] 0x3 2.66667e+06 0.0386667;
   state_out[116] 0x3 3.33333e+06 0.028;
   state_out[117] 0x3 3e+06 0.951333;
   state_out[118] 0x3 4e+06 0.032;
   state_out[119] 0x3 2.66667e+06 0.0306667;
   state_out[120] 0x3 3.66667e+06 0.956667;
   state_out[121] 0x3 5.33333e+06 0.0426667;
   state_out[122] 0x3 4e+06 0.0226667;
   state_out[123] 0x3 4.33333e+06 0.972667;
   state_out[124] 0x3 3e+06 0.948667;
   state_out[125] 0x3 4.33333e+06 0.976667;
   state_out[126] 0x3 4.66667e+06 0.04;
   state_out[127] 0x3 2e+06 0.0373333;
  counter:count;
   cnt[0] 0x3 3.33333e+06 0.032;
   cnt[1] 0x3 1.66667e+06 0.959333;
   cnt[2] 0x3 666667 0.0266667;
   cnt[3] 0x3 333333 0.946;
   cnt[3]~1 0x3 7e+06 0.0193333;
   cnt~0 0x3 3.66667e+06 0.962;
   cnt~2 0x3 1.66667e+06 0.964667;
   cnt~3 0x3 666667 0.0266667;
   cnt~4 0x3 333333 0.952667;
  roundKeyGen:keyGen;
   rom:mem0;
    altsyncram:rom_rtl_0;
     altsyncram_tin1:auto_generated;
      ram_block1a0 0x3 3e+06 0.963167;
      ram_block1a0~PORTBDATAOUT0 0x3 2e+06 0.028;
      ram_block1a1 0x3 2.33333e+06 0.973833;
      ram_block1a1~PORTBDATAOUT0 0x3 2.33333e+06 0.949833;
      ram_block1a2 0x3 666667 0.0133333;
      ram_block1a2~PORTBDATAOUT0 0x3 2.33333e+06 0.9725;
      ram_block1a3 0x3 1.66667e+06 0.979167;
      ram_block1a3~PORTBDATAOUT0 0x3 1.66667e+06 0.947167;
      ram_block1a4 0x3 3e+06 0.953833;
      ram_block1a4~PORTBDATAOUT0 0x3 1.66667e+06 0.953833;
      ram_block1a5 0x3 2.33333e+06 0.949833;
      ram_block1a5~PORTBDATAOUT0 0x3 1.66667e+06 0.9485;
      ram_block1a6 0x3 2.33333e+06 0.9685;
      ram_block1a6~PORTBDATAOUT0 0x3 2.33333e+06 0.963167;
      ram_block1a7 0x3 2.33333e+06 0.959167;
      ram_block1a7~PORTBDATAOUT0 0x3 2.33333e+06 0.9725;
   rom:mem1;
    altsyncram:rom_rtl_0;
     altsyncram_tin1:auto_generated;
      ram_block1a0 0x3 2e+06 0.044;
      ram_block1a0~PORTBDATAOUT0 0x3 2.66667e+06 0.044;
      ram_block1a1 0x3 1.33333e+06 0.044;
      ram_block1a1~PORTBDATAOUT0 0x3 2.33333e+06 0.963167;
      ram_block1a2 0x3 333333 0.961833;
      ram_block1a2~PORTBDATAOUT0 0x3 1.66667e+06 0.9605;
      ram_block1a3 0x3 1.33333e+06 0.0226667;
      ram_block1a3~PORTBDATAOUT0 0x3 1.66667e+06 0.961833;
      ram_block1a4 0x3 2e+06 0.0266667;
      ram_block1a4~PORTBDATAOUT0 0x3 2e+06 0.0333333;
      ram_block1a5 0x3 1.66667e+06 0.965833;
      ram_block1a5~PORTBDATAOUT0 0x3 2.66667e+06 0.0333333;
      ram_block1a6 0x3 666667 0.0506667;
      ram_block1a6~PORTBDATAOUT0 0x3 2.33333e+06 0.955167;
      ram_block1a7 0x3 2.66667e+06 0.0373333;
      ram_block1a7~PORTBDATAOUT0 0x3 2e+06 0.032;
   key_mux:mux;
    Mux0~0 0x3 666667 0.00666667;
    Mux1~0 0x3 666667 0.00666667;
    Mux2~0 0x3 1e+06 0.939333;
    Mux3~0 0x3 1e+06 0.946;
    Mux4~0 0x3 1.33333e+06 0.0133333;
    Mux5~0 0x3 1e+06 0.939333;
    Mux6~0 0x3 1e+06 0.946;
   reg_32b:reg;
    q[0] 0x3 2e+06 0.032;
    q[1] 0x3 2e+06 0.032;
    q[2] 0x3 2e+06 0.0186667;
    q[3] 0x3 1.66667e+06 0.958;
    q[4] 0x3 2e+06 0.0386667;
    q[5] 0x3 1.66667e+06 0.971333;
    q[6] 0x3 1.33333e+06 0.04;
    q[7] 0x3 1.66667e+06 0.951333;
    q[8] 0x3 1.66667e+06 0.971333;
    q[9] 0x3 2e+06 0.0453333;
    q[10] 0x3 2e+06 0.0453333;
    q[11] 0x3 1e+06 0.936667;
    q[12] 0x3 1.66667e+06 0.956667;
    q[13] 0x3 1.66667e+06 0.97;
    q[14] 0x3 2.33333e+06 0.97;
    q[15] 0x3 1.66667e+06 0.97;
    q[16] 0x3 1.33333e+06 0.0133333;
    q[17] 0x3 1.33333e+06 0.0253333;
    q[18] 0x3 1.66667e+06 0.951333;
    q[19] 0x3 1.33333e+06 0.012;
    q[20] 0x3 1.66667e+06 0.963333;
    q[21] 0x3 1.33333e+06 0.012;
    q[22] 0x3 2e+06 0.0453333;
    q[23] 0x3 2e+06 0.0386667;
    q[24] 0x3 1.33333e+06 0.02;
    q[25] 0x3 2e+06 0.0266667;
    q[26] 0x3 1.33333e+06 0.04;
    q[27] 0x3 1.33333e+06 0.04;
    q[28] 0x3 1.66667e+06 0.951333;
    q[29] 0x3 2e+06 0.0453333;
    q[30] 0x3 1.66667e+06 0.971333;
    q[31] 0x3 1.66667e+06 0.97;
   roundkey_out[0] 0x3 5e+06 0.959333;
   roundkey_out[1] 0x3 5e+06 0.962;
   roundkey_out[2] 0x3 3.66667e+06 0.972667;
   roundkey_out[3] 0x3 3e+06 0.97;
   roundkey_out[4] 0x3 3.33333e+06 0.0506667;
   roundkey_out[5] 0x3 2e+06 0.0413333;
   roundkey_out[6] 0x3 3e+06 0.946;
   roundkey_out[7] 0x3 4e+06 0.024;
   roundkey_out[8] 0x3 4e+06 0.0306667;
   roundkey_out[9] 0x3 4e+06 0.0306667;
   roundkey_out[10] 0x3 3e+06 0.968667;
   roundkey_out[11] 0x3 3e+06 0.971333;
   roundkey_out[12] 0x3 3.66667e+06 0.967333;
   roundkey_out[13] 0x3 3.33333e+06 0.0213333;
   roundkey_out[14] 0x3 4.33333e+06 0.955333;
   roundkey_out[15] 0x3 4.33333e+06 0.971333;
   roundkey_out[16] 0x3 3.33333e+06 0.032;
   roundkey_out[17] 0x3 2.33333e+06 0.960667;
   roundkey_out[18] 0x3 4.33333e+06 0.955333;
   roundkey_out[19] 0x3 2.66667e+06 0.0466667;
   roundkey_out[20] 0x3 3.33333e+06 0.036;
   roundkey_out[21] 0x3 3.66667e+06 0.962;
   roundkey_out[22] 0x3 4e+06 0.0386667;
   roundkey_out[23] 0x3 3.66667e+06 0.954;
   roundkey_out[24] 0x3 3.33333e+06 0.0386667;
   roundkey_out[25] 0x3 3.66667e+06 0.976667;
   roundkey_out[26] 0x3 3e+06 0.942;
   roundkey_out[27] 0x3 3e+06 0.974;
   roundkey_out[28] 0x3 3.33333e+06 0.024;
   roundkey_out[29] 0x3 4e+06 0.032;
   roundkey_out[30] 0x3 3.66667e+06 0.960667;
   roundkey_out[31] 0x3 4e+06 0.0293333;
   roundkey_out[32] 0x3 4.33333e+06 0.976667;
   roundkey_out[33] 0x3 4.66667e+06 0.0546667;
   roundkey_out[34] 0x3 4e+06 0.0373333;
   roundkey_out[35] 0x3 3e+06 0.960667;
   roundkey_out[36] 0x3 4e+06 0.0213333;
   roundkey_out[37] 0x3 4.33333e+06 0.947333;
   roundkey_out[38] 0x3 3e+06 0.959333;
   roundkey_out[39] 0x3 3.66667e+06 0.964667;
   roundkey_out[40] 0x3 3.33333e+06 0.052;
   roundkey_out[41] 0x3 4e+06 0.044;
   roundkey_out[42] 0x3 4e+06 0.0333333;
   roundkey_out[43] 0x3 4e+06 0.0333333;
   roundkey_out[44] 0x3 4.33333e+06 0.962;
   roundkey_out[45] 0x3 3.33333e+06 0.0333333;
   roundkey_out[46] 0x3 4.33333e+06 0.968667;
   roundkey_out[47] 0x3 4.33333e+06 0.975333;
   roundkey_out[48] 0x3 3e+06 0.975333;
   roundkey_out[49] 0x3 4e+06 0.0186667;
   roundkey_out[50] 0x3 3.66667e+06 0.964667;
   roundkey_out[51] 0x3 3.33333e+06 0.0333333;
   roundkey_out[52] 0x3 4e+06 0.0386667;
   roundkey_out[53] 0x3 2e+06 0.0493333;
   roundkey_out[54] 0x3 3.66667e+06 0.971333;
   roundkey_out[55] 0x3 3.66667e+06 0.952667;
   roundkey_out[56] 0x3 3.33333e+06 0.0466667;
   roundkey_out[57] 0x3 3.33333e+06 0.036;
   roundkey_out[58] 0x3 2.66667e+06 0.0306667;
   roundkey_out[59] 0x3 3.66667e+06 0.951333;
   roundkey_out[60] 0x3 3.66667e+06 0.958;
   roundkey_out[61] 0x3 3.66667e+06 0.963333;
   roundkey_out[62] 0x3 3e+06 0.962;
   roundkey_out[63] 0x3 3e+06 0.972667;
   roundkey_out[64] 0x3 3.66667e+06 0.972667;
   roundkey_out[65] 0x3 4e+06 0.0533333;
   roundkey_out[66] 0x3 3.33333e+06 0.04;
   roundkey_out[67] 0x3 3.33333e+06 0.0213333;
   roundkey_out[68] 0x3 4e+06 0.04;
   roundkey_out[69] 0x3 4.33333e+06 0.978;
   roundkey_out[70] 0x3 3.33333e+06 0.0333333;
   roundkey_out[71] 0x3 3.33333e+06 0.048;
   roundkey_out[72] 0x3 4e+06 0.028;
   roundkey_out[73] 0x3 4.66667e+06 0.04;
   roundkey_out[74] 0x3 4.33333e+06 0.959333;
   roundkey_out[75] 0x3 1.66667e+06 0.984667;
   roundkey_out[76] 0x3 3.66667e+06 0.984667;
   roundkey_out[77] 0x3 4e+06 0.0346667;
   roundkey_out[78] 0x3 5e+06 0.964667;
   roundkey_out[79] 0x3 4.33333e+06 0.978;
   roundkey_out[80] 0x3 2e+06 0.0266667;
   roundkey_out[81] 0x3 3e+06 0.986;
   roundkey_out[82] 0x3 3.33333e+06 0.048;
   roundkey_out[83] 0x3 2.33333e+06 0.966;
   roundkey_out[84] 0x3 3.66667e+06 0.964667;
   roundkey_out[85] 0x3 2.33333e+06 0.946;
   roundkey_out[86] 0x3 4.33333e+06 0.952667;
   roundkey_out[87] 0x3 4.33333e+06 0.966;
   roundkey_out[88] 0x3 2.33333e+06 0.959333;
   roundkey_out[89] 0x3 3.33333e+06 0.02;
   roundkey_out[90] 0x3 3.33333e+06 0.0266667;
   roundkey_out[91] 0x3 3.66667e+06 0.979333;
   roundkey_out[92] 0x3 3e+06 0.964667;
   roundkey_out[93] 0x3 4.66667e+06 0.04;
   roundkey_out[94] 0x3 4e+06 0.028;
   roundkey_out[95] 0x3 4e+06 0.0213333;
   x[0] 0x3 4.66667e+06 0.0386667;
   x[1] 0x3 4.33333e+06 0.966167;
   x[2] 0x3 3.66667e+06 0.9555;
   x[3] 0x3 3.33333e+06 0.0318333;
   x[4] 0x3 4e+06 0.0456667;
   x[5] 0x3 4.33333e+06 0.973667;
   x[6] 0x3 3.66667e+06 0.9685;
   x[7] 0x3 3.66667e+06 0.952333;
   x[8] 0x3 4.33333e+06 0.974;
   x[9] 0x3 3.33333e+06 0.052;
   x[10] 0x3 2.33333e+06 0.980833;
   x[11] 0x3 2.33333e+06 0.944333;
   x[12] 0x3 3.66667e+06 0.966;
   x[13] 0x3 3.33333e+06 0.0505;
   x[14] 0x3 3e+06 0.979;
   x[15] 0x3 4.33333e+06 0.976333;
   x[16] 0x3 3.33333e+06 0.0146667;
   x[17] 0x3 3.66667e+06 0.9595;
   x[18] 0x3 4.66667e+06 0.0281667;
   x[19] 0x3 3e+06 0.948833;
   x[20] 0x3 3.33333e+06 0.0455;
   x[21] 0x3 3e+06 0.9475;
   x[22] 0x3 4.33333e+06 0.9795;
   x[23] 0x3 4.33333e+06 0.971167;
   x[24] 0x3 6.33333e+06 0.962833;
   x[24]~0 0x3 3.33333e+06 0.0373333;
   x[25]~1 0x3 6e+06 0.0308333;
   x[26]~2 0x3 3e+06 0.966;
   x[27]~3 0x3 5e+06 0.9715;
   x[28]~4 0x3 5.66667e+06 0.954833;
   x[29]~5 0x3 5.33333e+06 0.0535;
   x[30] 0x3 4.66667e+06 0.0401667;
   x[31] 0x3 4.66667e+06 0.0428333;
  mixColumns_32b:mix0;
   g_Mult:m1;
    b_out~0 0x3 3e+06 0.951333;
   g_Mult:m5;
    b_out~0 0x3 2e+06 0.0493333;
   word_state_out[0] 0x3 333333 0.991333;
   word_state_out[0]~14 0x3 1.33333e+06 0.0133333;
   word_state_out[1] 0x3 2e+06 0.016;
   word_state_out[2] 0x3 1.66667e+06 0.962;
   word_state_out[2]~16 0x3 1.33333e+06 0.0293333;
   word_state_out[3] 0x3 1e+06 0.962;
   word_state_out[3]~18 0x3 2e+06 0.0333333;
   word_state_out[4] 0x3 1.66667e+06 0.955333;
   word_state_out[4]~20 0x3 2e+06 0.0266667;
   word_state_out[5] 0x3 2e+06 0.0493333;
   word_state_out[6] 0x3 2e+06 0.036;
   word_state_out[6]~22 0x3 2.66667e+06 0.0293333;
   word_state_out[7] 0x3 1.33333e+06 0.0533333;
   word_state_out[8] 0x3 2e+06 0.0426667;
   word_state_out[9] 0x3 3e+06 0.951333;
   word_state_out[9]~24 0x3 2.33333e+06 0.962;
   word_state_out[10] 0x3 333333 0.955333;
   word_state_out[11] 0x3 1.33333e+06 0.04;
   word_state_out[11]~25 0x3 1.66667e+06 0.975333;
   word_state_out[12] 0x3 2e+06 0.02;
   word_state_out[12]~19 0x3 2.33333e+06 0.955333;
   word_state_out[13] 0x3 2.33333e+06 0.951333;
   word_state_out[13]~21 0x3 1.66667e+06 0.955333;
   word_state_out[14] 0x3 2.33333e+06 0.944667;
   word_state_out[15] 0x3 1.66667e+06 0.975333;
   word_state_out[16] 0x3 2.33333e+06 0.964667;
   word_state_out[16]~27 0x3 1.33333e+06 0.0133333;
   word_state_out[17] 0x3 2.66667e+06 0.0293333;
   word_state_out[17]~28 0x3 2.33333e+06 0.964667;
   word_state_out[18] 0x3 2e+06 0.0466667;
   word_state_out[18]~29 0x3 2.66667e+06 0.0266667;
   word_state_out[19] 0x3 1e+06 0.942;
   word_state_out[19]~30 0x3 1.33333e+06 0.0133333;
   word_state_out[20] 0x3 1e+06 0.962;
   word_state_out[20]~31 0x3 1e+06 0.955333;
   word_state_out[21] 0x3 1.66667e+06 0.951333;
   word_state_out[22] 0x3 1.33333e+06 0.0426667;
   word_state_out[23] 0x3 1e+06 0.955333;
   word_state_out[24] 0x3 2e+06 0.036;
   word_state_out[25] 0x3 2.33333e+06 0.951333;
   word_state_out[25]~15 0x3 2e+06 0.0226667;
   word_state_out[26] 0x3 2.66667e+06 0.04;
   word_state_out[26]~17 0x3 3e+06 0.964667;
   word_state_out[27] 0x3 2e+06 0.02;
   word_state_out[27]~34 0x3 1e+06 0.975333;
   word_state_out[28] 0x3 1.66667e+06 0.948667;
   word_state_out[28]~23 0x3 2.33333e+06 0.962;
   word_state_out[28]~35 0x3 2.33333e+06 0.962;
   word_state_out[29] 0x3 2e+06 0.016;
   word_state_out[29]~32 0x3 1.66667e+06 0.948667;
   word_state_out[30] 0x3 2.33333e+06 0.958;
   word_state_out[30]~33 0x3 2e+06 0.0293333;
   word_state_out[31] 0x3 0 0;
   word_state_out[31]~26 0x3 1.66667e+06 0.955333;
  mixColumns_32b:mix1;
   g_Mult:m1;
    b_out~0 0x3 1.33333e+06 0.0426667;
   g_Mult:m5;
    b_out~0 0x3 2e+06 0.0426667;
   word_state_out[0] 0x3 2e+06 0.0293333;
   word_state_out[0]~14 0x3 2e+06 0.02;
   word_state_out[1] 0x3 2e+06 0.0293333;
   word_state_out[2] 0x3 1.66667e+06 0.962;
   word_state_out[2]~16 0x3 2.33333e+06 0.971333;
   word_state_out[3] 0x3 2.33333e+06 0.968667;
   word_state_out[3]~18 0x3 2e+06 0.0466667;
   word_state_out[4] 0x3 2.33333e+06 0.955333;
   word_state_out[4]~20 0x3 2e+06 0.0333333;
   word_state_out[5] 0x3 1.66667e+06 0.978;
   word_state_out[6] 0x3 2e+06 0.0226667;
   word_state_out[6]~22 0x3 2.66667e+06 0.0226667;
   word_state_out[7] 0x3 1.66667e+06 0.975333;
   word_state_out[8] 0x3 2.33333e+06 0.971333;
   word_state_out[9] 0x3 1.66667e+06 0.944667;
   word_state_out[9]~24 0x3 2e+06 0.0333333;
   word_state_out[10] 0x3 1e+06 0.942;
   word_state_out[11] 0x3 2.66667e+06 0.0333333;
   word_state_out[11]~25 0x3 1.66667e+06 0.942;
   word_state_out[12] 0x3 2.33333e+06 0.962;
   word_state_out[12]~19 0x3 1e+06 0.935333;
   word_state_out[13] 0x3 1.66667e+06 0.951333;
   word_state_out[13]~21 0x3 2e+06 0.0333333;
   word_state_out[14] 0x3 2.66667e+06 0.0293333;
   word_state_out[15] 0x3 1.33333e+06 0.0266667;
   word_state_out[16] 0x3 1e+06 0.964667;
   word_state_out[16]~27 0x3 2e+06 0.02;
   word_state_out[17] 0x3 1.33333e+06 0.036;
   word_state_out[17]~28 0x3 2e+06 0.036;
   word_state_out[18] 0x3 1.33333e+06 0.0133333;
   word_state_out[18]~29 0x3 1.33333e+06 0.0333333;
   word_state_out[19] 0x3 2.33333e+06 0.962;
   word_state_out[19]~30 0x3 2e+06 0.04;
   word_state_out[20] 0x3 2e+06 0.0266667;
   word_state_out[20]~31 0x3 2e+06 0.0466667;
   word_state_out[21] 0x3 1.66667e+06 0.938;
   word_state_out[22] 0x3 2e+06 0.036;
   word_state_out[23] 0x3 1e+06 0.948667;
   word_state_out[24] 0x3 3e+06 0.951333;
   word_state_out[25] 0x3 2e+06 0.016;
   word_state_out[25]~15 0x3 2.33333e+06 0.951333;
   word_state_out[26] 0x3 1e+06 0.948667;
   word_state_out[26]~17 0x3 2e+06 0.0226667;
   word_state_out[27] 0x3 1.33333e+06 0.02;
   word_state_out[27]~34 0x3 1.66667e+06 0.962;
   word_state_out[28] 0x3 2e+06 0.02;
   word_state_out[28]~23 0x3 1.66667e+06 0.948667;
   word_state_out[28]~35 0x3 1.33333e+06 0.0333333;
   word_state_out[29] 0x3 2e+06 0.0426667;
   word_state_out[29]~32 0x3 1.66667e+06 0.968667;
   word_state_out[30] 0x3 2.66667e+06 0.0293333;
   word_state_out[30]~33 0x3 2e+06 0.036;
   word_state_out[31] 0x3 2.33333e+06 0.948667;
   word_state_out[31]~26 0x3 1.33333e+06 0.0266667;
  mixColumns_32b:mix2;
   g_Mult:m1;
    b_out~0 0x3 2e+06 0.0226667;
   g_Mult:m5;
    b_out~0 0x3 1.66667e+06 0.951333;
   word_state_out[0] 0x3 2e+06 0.0226667;
   word_state_out[0]~8 0x3 2.66667e+06 0.0266667;
   word_state_out[1] 0x3 2.33333e+06 0.964667;
   word_state_out[2] 0x3 1.66667e+06 0.962;
   word_state_out[2]~10 0x3 2.66667e+06 0.0426667;
   word_state_out[3] 0x3 1.66667e+06 0.975333;
   word_state_out[3]~12 0x3 1.33333e+06 0.02;
   word_state_out[4] 0x3 2.33333e+06 0.948667;
   word_state_out[4]~13 0x3 1.66667e+06 0.0513333;
   word_state_out[5] 0x3 2e+06 0.0426667;
   word_state_out[6] 0x3 2.33333e+06 0.971333;
   word_state_out[6]~15 0x3 1.33333e+06 0.0293333;
   word_state_out[7] 0x3 1.33333e+06 0.04;
   word_state_out[8] 0x3 3e+06 0.958;
   word_state_out[9] 0x3 2.33333e+06 0.971333;
   word_state_out[9]~17 0x3 1.66667e+06 0.975333;
   word_state_out[10] 0x3 1.33333e+06 0.0266667;
   word_state_out[11] 0x3 1e+06 0.955333;
   word_state_out[11]~18 0x3 2.66667e+06 0.0266667;
   word_state_out[12] 0x3 1.66667e+06 0.968667;
   word_state_out[12]~19 0x3 1.33333e+06 0.0266667;
   word_state_out[13] 0x3 1.66667e+06 0.958;
   word_state_out[13]~14 0x3 1e+06 0.955333;
   word_state_out[14] 0x3 1.66667e+06 0.971333;
   word_state_out[15] 0x3 1.66667e+06 0.955333;
   word_state_out[16] 0x3 2e+06 0.016;
   word_state_out[16]~21 0x3 1e+06 0.968667;
   word_state_out[17] 0x3 3e+06 0.958;
   word_state_out[17]~22 0x3 2e+06 0.96;
   word_state_out[18] 0x3 1.66667e+06 0.955333;
   word_state_out[18]~23 0x3 666667 0.0333333;
   word_state_out[19] 0x3 1.66667e+06 0.948667;
   word_state_out[19]~24 0x3 2.33333e+06 0.955333;
   word_state_out[20] 0x3 1.66667e+06 0.962;
   word_state_out[20]~25 0x3 1.66667e+06 0.948667;
   word_state_out[21] 0x3 1.66667e+06 0.964667;
   word_state_out[22] 0x3 1.33333e+06 0.0493333;
   word_state_out[23] 0x3 1.66667e+06 0.962;
   word_state_out[24] 0x3 2.66667e+06 0.0426667;
   word_state_out[25] 0x3 1.66667e+06 0.978;
   word_state_out[25]~9 0x3 666667 0.0226667;
   word_state_out[26] 0x3 1.66667e+06 0.955333;
   word_state_out[26]~11 0x3 3e+06 0.964667;
   word_state_out[27] 0x3 1.66667e+06 0.948667;
   word_state_out[27]~28 0x3 1.66667e+06 0.0513333;
   word_state_out[28] 0x3 2.33333e+06 0.962;
   word_state_out[28]~16 0x3 2e+06 0.02;
   word_state_out[28]~29 0x3 2e+06 0.98;
   word_state_out[29] 0x3 2e+06 0.036;
   word_state_out[29]~26 0x3 2e+06 0.0466667;
   word_state_out[30] 0x3 1.66667e+06 0.964667;
   word_state_out[30]~27 0x3 2e+06 0.0293333;
   word_state_out[31] 0x3 1.66667e+06 0.948667;
   word_state_out[31]~20 0x3 1.66667e+06 0.962;
  mixColumns_32b:mix3;
   g_Mult:m1;
    b_out~0 0x3 1.66667e+06 0.971333;
   g_Mult:m5;
    b_out~0 0x3 2.33333e+06 0.958;
   word_state_out[0] 0x3 3e+06 0.951333;
   word_state_out[0]~8 0x3 1.33333e+06 0.0466667;
   word_state_out[1] 0x3 1.66667e+06 0.944667;
   word_state_out[2] 0x3 1e+06 0.955333;
   word_state_out[2]~10 0x3 1.66667e+06 0.951333;
   word_state_out[3] 0x3 2.66667e+06 0.0333333;
   word_state_out[3]~12 0x3 1.33333e+06 0.04;
   word_state_out[4] 0x3 1.66667e+06 0.955333;
   word_state_out[4]~13 0x3 1.66667e+06 0.0446667;
   word_state_out[5] 0x3 2.66667e+06 0.0293333;
   word_state_out[6] 0x3 1.66667e+06 0.971333;
   word_state_out[6]~15 0x3 2e+06 0.0493333;
   word_state_out[7] 0x3 1.66667e+06 0.968667;
   word_state_out[8] 0x3 2.33333e+06 0.944667;
   word_state_out[9] 0x3 1.66667e+06 0.951333;
   word_state_out[9]~17 0x3 666667 0.0333333;
   word_state_out[10] 0x3 1e+06 0.935333;
   word_state_out[11] 0x3 1e+06 0.948667;
   word_state_out[11]~18 0x3 1.66667e+06 0.955333;
   word_state_out[12] 0x3 1.33333e+06 0.04;
   word_state_out[12]~19 0x3 2.66667e+06 0.04;
   word_state_out[13] 0x3 666667 0.016;
   word_state_out[13]~14 0x3 1.33333e+06 0.0266667;
   word_state_out[14] 0x3 3.33333e+06 0.0293333;
   word_state_out[15] 0x3 2e+06 0.0333333;
   word_state_out[16] 0x3 2e+06 0.036;
   word_state_out[16]~21 0x3 1.66667e+06 0.948667;
   word_state_out[17] 0x3 2e+06 0.0493333;
   word_state_out[17]~22 0x3 1.66667e+06 0.038;
   word_state_out[18] 0x3 2.66667e+06 0.0266667;
   word_state_out[18]~23 0x3 2.33333e+06 0.955333;
   word_state_out[19] 0x3 2e+06 0.0333333;
   word_state_out[19]~24 0x3 1.66667e+06 0.955333;
   word_state_out[20] 0x3 2e+06 0.0266667;
   word_state_out[20]~25 0x3 1.33333e+06 0.02;
   word_state_out[21] 0x3 2.33333e+06 0.958;
   word_state_out[22] 0x3 2e+06 0.0226667;
   word_state_out[23] 0x3 2e+06 0.02;
   word_state_out[24] 0x3 2.33333e+06 0.951333;
   word_state_out[25] 0x3 2.66667e+06 0.036;
   word_state_out[25]~9 0x3 1e+06 0.971333;
   word_state_out[26] 0x3 1e+06 0.962;
   word_state_out[26]~11 0x3 1.33333e+06 0.00933333;
   word_state_out[27] 0x3 1e+06 0.975333;
   word_state_out[27]~28 0x3 2e+06 0.98;
   word_state_out[28] 0x3 1.33333e+06 0.04;
   word_state_out[28]~16 0x3 2.33333e+06 0.955333;
   word_state_out[28]~29 0x3 2e+06 0.98;
   word_state_out[29] 0x3 2e+06 0.036;
   word_state_out[29]~26 0x3 2e+06 0.0333333;
   word_state_out[30] 0x3 1.66667e+06 0.958;
   word_state_out[30]~27 0x3 2.66667e+06 0.0293333;
   word_state_out[31] 0x3 1.66667e+06 0.942;
   word_state_out[31]~20 0x3 2.33333e+06 0.955333;
  mux2p1:mux2;
   result[32]~0 0x3 4.66667e+06 0.0493333;
   result[33]~1 0x3 4.66667e+06 0.0466667;
   result[34]~2 0x3 4e+06 0.0293333;
   result[35]~3 0x3 2.66667e+06 0.961333;
   result[36]~4 0x3 4e+06 0.0213333;
   result[37]~5 0x3 4.66667e+06 0.012;
   result[38]~6 0x3 3.33333e+06 0.032;
   result[39]~7 0x3 4e+06 0.973333;
   result[40]~8 0x3 3.33333e+06 0.98;
   result[41]~9 0x3 4e+06 0.036;
   result[42]~10 0x3 4e+06 0.961333;
   result[43]~11 0x3 4e+06 0.0333333;
   result[44]~12 0x3 4.66667e+06 0.970667;
   result[45]~13 0x3 3.33333e+06 0.0333333;
   result[46]~14 0x3 4.66667e+06 0.0333333;
   result[47]~15 0x3 4.66667e+06 0.04;
   result[48]~16 0x3 2.66667e+06 0.976;
   result[49]~17 0x3 4.66667e+06 0.954667;
   result[50]~18 0x3 4e+06 0.973333;
   result[51]~19 0x3 3.33333e+06 0.0253333;
   result[52]~20 0x3 4e+06 0.966667;
   result[53]~21 0x3 2.66667e+06 0.985333;
   result[54]~22 0x3 3.33333e+06 0.972;
   result[55]~23 0x3 4e+06 0.961333;
   result[56]~24 0x3 3.33333e+06 0.974667;
   result[57]~25 0x3 3.33333e+06 0.964;
   result[58]~26 0x3 2.66667e+06 0.0306667;
   result[59]~27 0x3 4e+06 0.96;
   result[60]~28 0x3 4e+06 0.0306667;
   result[61]~29 0x3 4e+06 0.972;
   result[62]~30 0x3 3.33333e+06 0.0346667;
   result[63]~31 0x3 2.66667e+06 0.973333;
   result[64]~32 0x3 4e+06 0.0453333;
   result[65]~33 0x3 4e+06 0.981333;
   result[66]~34 0x3 3.33333e+06 0.968;
   result[67]~35 0x3 3.33333e+06 0.0213333;
   result[68]~36 0x3 4e+06 0.04;
   result[69]~37 0x3 4e+06 0.978667;
   result[70]~38 0x3 3.33333e+06 0.0333333;
   result[71]~39 0x3 3.33333e+06 0.976;
   result[72]~40 0x3 4e+06 0.028;
   result[73]~41 0x3 4.66667e+06 0.968;
   result[74]~42 0x3 4.66667e+06 0.032;
   result[75]~43 0x3 2e+06 0.0573333;
   result[76]~44 0x3 3.33333e+06 0.985333;
   result[77]~45 0x3 4e+06 0.0346667;
   result[78]~46 0x3 4.66667e+06 0.965333;
   result[79]~47 0x3 4e+06 0.978667;
   result[80]~48 0x3 2e+06 0.0266667;
   result[81]~49 0x3 2.66667e+06 0.986667;
   result[82]~50 0x3 3.33333e+06 0.976;
   result[83]~51 0x3 2e+06 0.966667;
   result[84]~52 0x3 4e+06 0.0373333;
   result[85]~53 0x3 2e+06 0.946667;
   result[86]~54 0x3 4.66667e+06 0.0253333;
   result[87]~55 0x3 4e+06 0.966667;
   result[88]~56 0x3 2.66667e+06 0.032;
   result[89]~57 0x3 3.33333e+06 0.02;
   result[90]~58 0x3 3.33333e+06 0.0266667;
   result[91]~59 0x3 3.33333e+06 0.98;
   result[92]~60 0x3 3.33333e+06 0.0373333;
   result[93]~61 0x3 4.66667e+06 0.968;
   result[94]~62 0x3 4e+06 0.028;
   result[95]~63 0x3 4e+06 0.0213333;
   result[96]~64 0x3 2e+06 0.032;
   result[97]~65 0x3 2.66667e+06 0.968;
   result[98]~66 0x3 2.66667e+06 0.954667;
   result[99]~67 0x3 2e+06 0.0306667;
   result[100]~68 0x3 2.66667e+06 0.974667;
   result[101]~69 0x3 2e+06 0.044;
   result[102]~70 0x3 1.33333e+06 0.04;
   result[103]~71 0x3 2e+06 0.024;
   result[104]~72 0x3 2e+06 0.98;
   result[105]~73 0x3 2e+06 0.0453333;
   result[106]~74 0x3 2.66667e+06 0.981333;
   result[107]~75 0x3 1.33333e+06 0.00933333;
   result[108]~76 0x3 2e+06 0.965333;
   result[109]~77 0x3 2e+06 0.0426667;
   result[110]~78 0x3 2.66667e+06 0.0426667;
   result[111]~79 0x3 2e+06 0.0426667;
   result[112]~80 0x3 1.33333e+06 0.0133333;
   result[113]~81 0x3 2e+06 0.961333;
   result[114]~82 0x3 2e+06 0.96;
   result[115]~83 0x3 2e+06 0.948;
   result[116]~84 0x3 2e+06 0.972;
   result[117]~85 0x3 2e+06 0.948;
   result[118]~86 0x3 2.66667e+06 0.981333;
   result[119]~87 0x3 2e+06 0.0386667;
   result[120]~88 0x3 2e+06 0.956;
   result[121]~89 0x3 2.66667e+06 0.962667;
   result[122]~90 0x3 1.33333e+06 0.04;
   result[123]~91 0x3 2e+06 0.976;
   result[124]~92 0x3 2e+06 0.024;
   result[125]~93 0x3 2.66667e+06 0.981333;
   result[126]~94 0x3 2e+06 0.044;
   result[127]~95 0x3 2e+06 0.0426667;
  reg_128b:reg_add;
   q[0] 0x3 2.66667e+06 0.0333333;
   q[1] 0x3 1e+06 0.946;
   q[2] 0x3 1.33333e+06 0.0333333;
   q[3] 0x3 2e+06 0.0333333;
   q[4] 0x3 1e+06 0.939333;
   q[5] 0x3 1.66667e+06 0.940667;
   q[6] 0x3 2e+06 0.0253333;
   q[7] 0x3 1.33333e+06 0.0253333;
   q[8] 0x3 1e+06 0.940667;
   q[9] 0x3 2.33333e+06 0.952667;
   q[10] 0x3 2e+06 0.0266667;
   q[11] 0x3 2.33333e+06 0.954;
   q[12] 0x3 2e+06 0.0333333;
   q[13] 0x3 1.33333e+06 0.0133333;
   q[14] 0x3 2e+06 0.0386667;
   q[15] 0x3 1.33333e+06 0.0266667;
   q[16] 0x3 2e+06 0.0186667;
   q[17] 0x3 1.66667e+06 0.966;
   q[18] 0x3 2e+06 0.0266667;
   q[19] 0x3 2.33333e+06 0.960667;
   q[20] 0x3 2e+06 0.0466667;
   q[21] 0x3 1.66667e+06 0.960667;
   q[22] 0x3 2.33333e+06 0.959333;
   q[23] 0x3 1.33333e+06 0.0453333;
   q[24] 0x3 1.66667e+06 0.966;
   q[25] 0x3 2.66667e+06 0.0253333;
   q[26] 0x3 1.33333e+06 0.0333333;
   q[27] 0x3 2.33333e+06 0.966;
   q[28] 0x3 1.66667e+06 0.959333;
   q[29] 0x3 2e+06 0.0266667;
   q[30] 0x3 2e+06 0.04;
   q[31] 0x3 2.66667e+06 0.0333333;
   q[32] 0x3 1e+06 0.959333;
   q[33] 0x3 1.66667e+06 0.959333;
   q[34] 0x3 333333 0.946;
   q[35] 0x3 2.66667e+06 0.0266667;
   q[36] 0x3 1e+06 0.954;
   q[37] 0x3 2e+06 0.0453333;
   q[38] 0x3 2.66667e+06 0.032;
   q[39] 0x3 1.66667e+06 0.952667;
   q[40] 0x3 2.33333e+06 0.966;
   q[41] 0x3 2e+06 0.032;
   q[42] 0x3 1.66667e+06 0.940667;
   q[43] 0x3 2e+06 0.04;
   q[44] 0x3 1.33333e+06 0.0386667;
   q[45] 0x3 2e+06 0.0266667;
   q[46] 0x3 1.33333e+06 0.02;
   q[47] 0x3 3e+06 0.960667;
   q[48] 0x3 1.66667e+06 0.959333;
   q[49] 0x3 666667 0.0266667;
   q[50] 0x3 2e+06 0.02;
   q[51] 0x3 2e+06 0.02;
   q[52] 0x3 2.33333e+06 0.954;
   q[53] 0x3 2e+06 0.032;
   q[54] 0x3 1.33333e+06 0.0533333;
   q[55] 0x3 2.66667e+06 0.0453333;
   q[56] 0x3 2e+06 0.0386667;
   q[57] 0x3 2e+06 0.032;
   q[58] 0x3 2.33333e+06 0.947333;
   q[59] 0x3 1.66667e+06 0.972667;
   q[60] 0x3 1.66667e+06 0.947333;
   q[61] 0x3 1.33333e+06 0.0333333;
   q[62] 0x3 2.33333e+06 0.967333;
   q[63] 0x3 3e+06 0.966;
   q[64] 0x3 1.66667e+06 0.980667;
   q[65] 0x3 2.33333e+06 0.960667;
   q[66] 0x3 1.33333e+06 0.0453333;
   q[67] 0x3 1.66667e+06 0.980667;
   q[68] 0x3 1e+06 0.940667;
   q[69] 0x3 2.33333e+06 0.967333;
   q[70] 0x3 1.66667e+06 0.954;
   q[71] 0x3 1.66667e+06 0.952667;
   q[72] 0x3 2.33333e+06 0.967333;
   q[73] 0x3 3.33333e+06 0.0333333;
   q[74] 0x3 2e+06 0.0333333;
   q[75] 0x3 2.33333e+06 0.952667;
   q[76] 0x3 2e+06 0.0386667;
   q[77] 0x3 2.66667e+06 0.0453333;
   q[78] 0x3 2.66667e+06 0.0333333;
   q[79] 0x3 2e+06 0.0333333;
   q[80] 0x3 1.33333e+06 0.0466667;
   q[81] 0x3 2e+06 0.0253333;
   q[82] 0x3 1e+06 0.966;
   q[83] 0x3 1.66667e+06 0.959333;
   q[84] 0x3 1.66667e+06 0.960667;
   q[85] 0x3 2e+06 0.0186667;
   q[86] 0x3 3e+06 0.967333;
   q[87] 0x3 1.66667e+06 0.954;
   q[88] 0x3 2e+06 0.0386667;
   q[89] 0x3 1e+06 0.934;
   q[90] 0x3 2e+06 0.02;
   q[91] 0x3 2.66667e+06 0.032;
   q[92] 0x3 1.33333e+06 0.0186667;
   q[93] 0x3 1.33333e+06 0.0333333;
   q[94] 0x3 1.33333e+06 0.0386667;
   q[95] 0x3 1.33333e+06 0.02;
   q[96] 0x3 1.66667e+06 0.954;
   q[97] 0x3 2e+06 0.0386667;
   q[98] 0x3 2.33333e+06 0.959333;
   q[99] 0x3 1.66667e+06 0.952667;
   q[100] 0x3 1e+06 0.972667;
   q[101] 0x3 2e+06 0.04;
   q[102] 0x3 2e+06 0.0333333;
   q[103] 0x3 2e+06 0.04;
   q[104] 0x3 1.33333e+06 0.0333333;
   q[105] 0x3 1.33333e+06 0.0586667;
   q[106] 0x3 1.66667e+06 0.974;
   q[107] 0x3 1.33333e+06 0.0466667;
   q[108] 0x3 2e+06 0.032;
   q[109] 0x3 2e+06 0.0386667;
   q[110] 0x3 1.33333e+06 0.0586667;
   q[111] 0x3 1e+06 0.939333;
   q[112] 0x3 2.33333e+06 0.954;
   q[113] 0x3 2.66667e+06 0.0266667;
   q[114] 0x3 1.66667e+06 0.960667;
   q[115] 0x3 1.33333e+06 0.0333333;
   q[116] 0x3 1.33333e+06 0.02;
   q[117] 0x3 1.66667e+06 0.940667;
   q[118] 0x3 2e+06 0.0186667;
   q[119] 0x3 2e+06 0.0266667;
   q[120] 0x3 1.66667e+06 0.946;
   q[121] 0x3 1.33333e+06 0.032;
   q[122] 0x3 1.33333e+06 0.0133333;
   q[123] 0x3 1.66667e+06 0.966;
   q[124] 0x3 2.33333e+06 0.947333;
   q[125] 0x3 1.66667e+06 0.972667;
   q[126] 0x3 1.33333e+06 0.0386667;
   q[127] 0x3 2e+06 0.0386667;
  reg_128b:reg_key;
   q[0] 0x3 1.33333e+06 0.0386667;
   q[1] 0x3 1e+06 0.963333;
   q[2] 0x3 1e+06 0.986;
   q[3] 0x3 2e+06 0.0573333;
   q[4] 0x3 2e+06 0.0373333;
   q[5] 0x3 2.33333e+06 0.980667;
   q[6] 0x3 2e+06 0.0266667;
   q[7] 0x3 1e+06 0.943333;
   q[8] 0x3 2e+06 0.0373333;
   q[9] 0x3 1.33333e+06 0.0293333;
   q[10] 0x3 2.33333e+06 0.972667;
   q[11] 0x3 2.33333e+06 0.967333;
   q[12] 0x3 1.33333e+06 0.032;
   q[13] 0x3 2e+06 0.0253333;
   q[14] 0x3 1.33333e+06 0.0293333;
   q[15] 0x3 1.33333e+06 0.0333333;
   q[16] 0x3 3e+06 0.967333;
   q[17] 0x3 2.33333e+06 0.960667;
   q[18] 0x3 1.33333e+06 0.036;
   q[19] 0x3 1.33333e+06 0.056;
   q[20] 0x3 2e+06 0.0266667;
   q[21] 0x3 3e+06 0.955333;
   q[22] 0x3 1.66667e+06 0.972667;
   q[23] 0x3 2e+06 0.0306667;
   q[24] 0x3 2e+06 0.0506667;
   q[25] 0x3 1.66667e+06 0.975333;
   q[26] 0x3 1e+06 0.956667;
   q[27] 0x3 2e+06 0.0493333;
   q[28] 0x3 1.66667e+06 0.963333;
   q[29] 0x3 1.66667e+06 0.955333;
   q[30] 0x3 1.33333e+06 0.0466667;
   q[31] 0x3 1.66667e+06 0.943333;
   q[32] 0x3 2.66667e+06 0.0253333;
   q[33] 0x3 2e+06 0.02;
   q[34] 0x3 1.33333e+06 0.0133333;
   q[35] 0x3 1.66667e+06 0.966;
   q[36] 0x3 2e+06 0.032;
   q[37] 0x3 2e+06 0.0386667;
   q[38] 0x3 1.66667e+06 0.963333;
   q[39] 0x3 2.33333e+06 0.954;
   q[40] 0x3 2e+06 0.0426667;
   q[41] 0x3 1.33333e+06 0.02;
   q[42] 0x3 2.33333e+06 0.974;
   q[43] 0x3 3e+06 0.962;
   q[44] 0x3 2.66667e+06 0.036;
   q[45] 0x3 2e+06 0.0386667;
   q[46] 0x3 1.33333e+06 0.02;
   q[47] 0x3 2e+06 0.0266667;
   q[48] 0x3 1.66667e+06 0.986;
   q[49] 0x3 3e+06 0.972667;
   q[50] 0x3 2.33333e+06 0.954;
   q[51] 0x3 1.66667e+06 0.943333;
   q[52] 0x3 2.33333e+06 0.974;
   q[53] 0x3 1e+06 0.992667;
   q[54] 0x3 2e+06 0.0373333;
   q[55] 0x3 2e+06 0.0426667;
   q[56] 0x3 2.33333e+06 0.966;
   q[57] 0x3 1.33333e+06 0.0426667;
   q[58] 0x3 1.33333e+06 0.02;
   q[59] 0x3 2.66667e+06 0.044;
   q[60] 0x3 2e+06 0.0333333;
   q[61] 0x3 1.66667e+06 0.966;
   q[62] 0x3 1.66667e+06 0.95;
   q[63] 0x3 1.66667e+06 0.967333;
   q[64] 0x3 1.66667e+06 0.975333;
   q[65] 0x3 2e+06 0.0506667;
   q[66] 0x3 1.33333e+06 0.0373333;
   q[67] 0x3 1.66667e+06 0.95;
   q[68] 0x3 2e+06 0.0386667;
   q[69] 0x3 2.66667e+06 0.0493333;
   q[70] 0x3 2e+06 0.0333333;
   q[71] 0x3 1.66667e+06 0.972667;
   q[72] 0x3 2.33333e+06 0.956667;
   q[73] 0x3 2.66667e+06 0.0373333;
   q[74] 0x3 2.33333e+06 0.962;
   q[75] 0x3 666667 0.0586667;
   q[76] 0x3 2e+06 0.0573333;
   q[77] 0x3 2.33333e+06 0.962;
   q[78] 0x3 2.66667e+06 0.0373333;
   q[79] 0x3 2.66667e+06 0.0506667;
   q[80] 0x3 666667 0.0266667;
   q[81] 0x3 1.66667e+06 0.987333;
   q[82] 0x3 1.66667e+06 0.972667;
   q[83] 0x3 1e+06 0.967333;
   q[84] 0x3 2e+06 0.0386667;
   q[85] 0x3 1e+06 0.947333;
   q[86] 0x3 2.33333e+06 0.955333;
   q[87] 0x3 2.33333e+06 0.967333;
   q[88] 0x3 1e+06 0.963333;
   q[89] 0x3 1.33333e+06 0.02;
   q[90] 0x3 2e+06 0.0266667;
   q[91] 0x3 2.33333e+06 0.979333;
   q[92] 0x3 1.33333e+06 0.04;
   q[93] 0x3 2.66667e+06 0.0373333;
   q[94] 0x3 2.33333e+06 0.956667;
   q[95] 0x3 2.33333e+06 0.948667;
   q[96] 0x3 2e+06 0.032;
   q[97] 0x3 2e+06 0.0426667;
   q[98] 0x3 2e+06 0.0293333;
   q[99] 0x3 1.66667e+06 0.956667;
   q[100] 0x3 2e+06 0.0493333;
   q[101] 0x3 1.66667e+06 0.97;
   q[102] 0x3 1.33333e+06 0.04;
   q[103] 0x3 1.66667e+06 0.95;
   q[104] 0x3 2.33333e+06 0.980667;
   q[105] 0x3 2e+06 0.0453333;
   q[106] 0x3 2e+06 0.056;
   q[107] 0x3 1e+06 0.935333;
   q[108] 0x3 1.66667e+06 0.966;
   q[109] 0x3 1.66667e+06 0.968667;
   q[110] 0x3 2.33333e+06 0.968667;
   q[111] 0x3 1.66667e+06 0.968667;
   q[112] 0x3 1.33333e+06 0.0133333;
   q[113] 0x3 1.33333e+06 0.036;
   q[114] 0x3 2.33333e+06 0.960667;
   q[115] 0x3 1.33333e+06 0.0226667;
   q[116] 0x3 1.66667e+06 0.972667;
   q[117] 0x3 1.33333e+06 0.0226667;
   q[118] 0x3 2e+06 0.056;
   q[119] 0x3 2e+06 0.0386667;
   q[120] 0x3 2e+06 0.0306667;
   q[121] 0x3 2.66667e+06 0.0373333;
   q[122] 0x3 1.33333e+06 0.04;
   q[123] 0x3 2e+06 0.0506667;
   q[124] 0x3 1.66667e+06 0.95;
   q[125] 0x3 2e+06 0.056;
   q[126] 0x3 1.66667e+06 0.97;
   q[127] 0x3 1.66667e+06 0.968667;
  reg_128b:reg_mix;
   q[0] 0x3 3.33333e+06 0.0253333;
   q[1] 0x3 1.33333e+06 0.016;
   q[1]~feeder 0x3 1.66667e+06 0.944667;
   q[2] 0x3 1e+06 0.954;
   q[3] 0x3 2.66667e+06 0.0293333;
   q[3]~feeder 0x3 2.66667e+06 0.0333333;
   q[4] 0x3 1.66667e+06 0.954;
   q[4]~feeder 0x3 1.66667e+06 0.955333;
   q[5] 0x3 2.66667e+06 0.0253333;
   q[6] 0x3 1.33333e+06 0.0426667;
   q[7] 0x3 1.66667e+06 0.967333;
   q[7]~feeder 0x3 1.66667e+06 0.968667;
   q[8] 0x3 2.33333e+06 0.947333;
   q[8]~feeder 0x3 2.33333e+06 0.944667;
   q[9] 0x3 1.66667e+06 0.95;
   q[9]~feeder 0x3 1.66667e+06 0.951333;
   q[10] 0x3 1e+06 0.935333;
   q[10]~feeder 0x3 1e+06 0.935333;
   q[11] 0x3 666667 0.02;
   q[11]~feeder 0x3 1e+06 0.948667;
   q[12] 0x3 1.33333e+06 0.04;
   q[12]~feeder 0x3 1.33333e+06 0.04;
   q[13] 0x3 666667 0.016;
   q[14] 0x3 3.33333e+06 0.028;
   q[15] 0x3 2.66667e+06 0.036;
   q[15]~feeder 0x3 2e+06 0.0333333;
   q[16] 0x3 2.33333e+06 0.960667;
   q[17] 0x3 2e+06 0.0453333;
   q[17]~feeder 0x3 2e+06 0.0493333;
   q[18] 0x3 2.66667e+06 0.0253333;
   q[19] 0x3 1.66667e+06 0.960667;
   q[19]~feeder 0x3 2e+06 0.0333333;
   q[20] 0x3 2e+06 0.0226667;
   q[20]~feeder 0x3 2e+06 0.0266667;
   q[21] 0x3 2.66667e+06 0.032;
   q[22] 0x3 2.66667e+06 0.0253333;
   q[23] 0x3 2e+06 0.0186667;
   q[23]~feeder 0x3 2e+06 0.02;
   q[24] 0x3 2.33333e+06 0.954;
   q[24]~feeder 0x3 2.33333e+06 0.951333;
   q[25] 0x3 3e+06 0.967333;
   q[25]~feeder 0x3 2.66667e+06 0.036;
   q[26] 0x3 1e+06 0.960667;
   q[27] 0x3 1.66667e+06 0.971333;
   q[27]~feeder 0x3 1e+06 0.975333;
   q[28] 0x3 2e+06 0.0426667;
   q[28]~feeder 0x3 1.33333e+06 0.04;
   q[29] 0x3 2.33333e+06 0.964667;
   q[30] 0x3 2e+06 0.0253333;
   q[31] 0x3 1.66667e+06 0.944667;
   q[31]~feeder 0x3 1.66667e+06 0.942;
   q[32] 0x3 2.33333e+06 0.951333;
   q[33] 0x3 3e+06 0.960667;
   q[33]~feeder 0x3 2.33333e+06 0.964667;
   q[34] 0x3 2.33333e+06 0.958;
   q[35] 0x3 1.66667e+06 0.978;
   q[35]~feeder 0x3 1.66667e+06 0.975333;
   q[36] 0x3 2.33333e+06 0.951333;
   q[36]~feeder 0x3 2.33333e+06 0.948667;
   q[37] 0x3 2e+06 0.0386667;
   q[38] 0x3 2.33333e+06 0.974;
   q[39] 0x3 1.33333e+06 0.0386667;
   q[39]~feeder 0x3 1.33333e+06 0.04;
   q[40] 0x3 3e+06 0.958;
   q[40]~feeder 0x3 3e+06 0.958;
   q[41] 0x3 2.66667e+06 0.0413333;
   q[41]~feeder 0x3 2.33333e+06 0.971333;
   q[42] 0x3 1.33333e+06 0.0266667;
   q[42]~feeder 0x3 1.33333e+06 0.0266667;
   q[43] 0x3 1e+06 0.954;
   q[43]~feeder 0x3 1e+06 0.955333;
   q[44] 0x3 2e+06 0.036;
   q[44]~feeder 0x3 1.66667e+06 0.968667;
   q[45] 0x3 2e+06 0.0253333;
   q[46] 0x3 2e+06 0.0453333;
   q[47] 0x3 1.66667e+06 0.955333;
   q[47]~feeder 0x3 1.66667e+06 0.955333;
   q[48] 0x3 2e+06 0.016;
   q[49] 0x3 3e+06 0.958;
   q[49]~feeder 0x3 3e+06 0.958;
   q[50] 0x3 1.66667e+06 0.955333;
   q[51] 0x3 1.66667e+06 0.948667;
   q[51]~feeder 0x3 1.66667e+06 0.948667;
   q[52] 0x3 2e+06 0.032;
   q[52]~feeder 0x3 1.66667e+06 0.962;
   q[53] 0x3 2.33333e+06 0.960667;
   q[54] 0x3 1.33333e+06 0.0453333;
   q[55] 0x3 2e+06 0.036;
   q[55]~feeder 0x3 1.66667e+06 0.962;
   q[56] 0x3 2.33333e+06 0.97;
   q[56]~feeder 0x3 2.66667e+06 0.0426667;
   q[57] 0x3 2e+06 0.0453333;
   q[57]~feeder 0x3 1.66667e+06 0.978;
   q[58] 0x3 1.66667e+06 0.958;
   q[59] 0x3 1.66667e+06 0.951333;
   q[59]~feeder 0x3 1.66667e+06 0.948667;
   q[60] 0x3 2.33333e+06 0.962;
   q[60]~feeder 0x3 2.33333e+06 0.962;
   q[61] 0x3 2.33333e+06 0.960667;
   q[62] 0x3 2e+06 0.0386667;
   q[63] 0x3 2e+06 0.016;
   q[63]~feeder 0x3 1.66667e+06 0.948667;
   q[64] 0x3 2e+06 0.0253333;
   q[65] 0x3 2.33333e+06 0.958;
   q[65]~feeder 0x3 2e+06 0.0293333;
   q[66] 0x3 2e+06 0.032;
   q[67] 0x3 2.66667e+06 0.0426667;
   q[67]~feeder 0x3 2.33333e+06 0.968667;
   q[68] 0x3 2.33333e+06 0.955333;
   q[68]~feeder 0x3 2.33333e+06 0.955333;
   q[69] 0x3 2.33333e+06 0.974;
   q[70] 0x3 2.33333e+06 0.951333;
   q[71] 0x3 2e+06 0.0453333;
   q[71]~feeder 0x3 1.66667e+06 0.975333;
   q[72] 0x3 2.66667e+06 0.0453333;
   q[72]~feeder 0x3 2.33333e+06 0.971333;
   q[73] 0x3 2e+06 0.0186667;
   q[73]~feeder 0x3 1.66667e+06 0.944667;
   q[74] 0x3 1e+06 0.940667;
   q[74]~feeder 0x3 1e+06 0.942;
   q[75] 0x3 3e+06 0.962;
   q[75]~feeder 0x3 2.66667e+06 0.0333333;
   q[76] 0x3 2e+06 0.0333333;
   q[76]~feeder 0x3 2.33333e+06 0.962;
   q[77] 0x3 1.66667e+06 0.95;
   q[78] 0x3 2.66667e+06 0.028;
   q[79] 0x3 1.33333e+06 0.0253333;
   q[79]~feeder 0x3 1.33333e+06 0.0266667;
   q[80] 0x3 666667 0.036;
   q[81] 0x3 1.66667e+06 0.964667;
   q[81]~feeder 0x3 1.33333e+06 0.036;
   q[82] 0x3 1.33333e+06 0.012;
   q[83] 0x3 2.66667e+06 0.036;
   q[83]~feeder 0x3 2.33333e+06 0.962;
   q[84] 0x3 2.33333e+06 0.951333;
   q[84]~feeder 0x3 2e+06 0.0266667;
   q[85] 0x3 1.66667e+06 0.938;
   q[86] 0x3 2e+06 0.0346667;
   q[87] 0x3 1.33333e+06 0.016;
   q[87]~feeder 0x3 1e+06 0.948667;
   q[88] 0x3 3e+06 0.951333;
   q[88]~feeder 0x3 3e+06 0.951333;
   q[89] 0x3 2.33333e+06 0.947333;
   q[89]~feeder 0x3 2e+06 0.016;
   q[90] 0x3 666667 0.02;
   q[91] 0x3 1.66667e+06 0.948667;
   q[91]~feeder 0x3 1.33333e+06 0.02;
   q[92] 0x3 2.66667e+06 0.0226667;
   q[92]~feeder 0x3 2e+06 0.02;
   q[93] 0x3 2.66667e+06 0.0453333;
   q[94] 0x3 2.33333e+06 0.956667;
   q[95] 0x3 2.33333e+06 0.951333;
   q[95]~feeder 0x3 2.33333e+06 0.948667;
   q[96] 0x3 1e+06 0.987333;
   q[96]~feeder 0x3 333333 0.991333;
   q[97] 0x3 2.66667e+06 0.0186667;
   q[97]~feeder 0x3 2e+06 0.016;
   q[98] 0x3 1.66667e+06 0.960667;
   q[99] 0x3 1.33333e+06 0.0293333;
   q[99]~feeder 0x3 1e+06 0.962;
   q[100] 0x3 1.66667e+06 0.955333;
   q[100]~feeder 0x3 1.66667e+06 0.955333;
   q[101] 0x3 1.66667e+06 0.976667;
   q[102] 0x3 2e+06 0.032;
   q[103] 0x3 1e+06 0.980667;
   q[103]~feeder 0x3 1.33333e+06 0.0533333;
   q[104] 0x3 2.33333e+06 0.971333;
   q[104]~feeder 0x3 2e+06 0.0426667;
   q[105] 0x3 3.33333e+06 0.0253333;
   q[105]~feeder 0x3 3e+06 0.951333;
   q[106] 0x3 333333 0.954;
   q[106]~feeder 0x3 333333 0.955333;
   q[107] 0x3 1.66667e+06 0.968667;
   q[107]~feeder 0x3 1.33333e+06 0.04;
   q[108] 0x3 2.33333e+06 0.944667;
   q[108]~feeder 0x3 2e+06 0.02;
   q[109] 0x3 2.33333e+06 0.951333;
   q[109]~feeder 0x3 2.33333e+06 0.951333;
   q[110] 0x3 2.33333e+06 0.947333;
   q[111] 0x3 2e+06 0.0426667;
   q[111]~feeder 0x3 1.66667e+06 0.975333;
   q[112] 0x3 3e+06 0.960667;
   q[113] 0x3 2.66667e+06 0.028;
   q[113]~feeder 0x3 2.66667e+06 0.0293333;
   q[114] 0x3 2e+06 0.0453333;
   q[115] 0x3 1.33333e+06 0.016;
   q[115]~feeder 0x3 1e+06 0.942;
   q[116] 0x3 1.66667e+06 0.958;
   q[116]~feeder 0x3 1e+06 0.962;
   q[117] 0x3 1.66667e+06 0.95;
   q[118] 0x3 2e+06 0.0453333;
   q[119] 0x3 666667 0.0266667;
   q[119]~feeder 0x3 1e+06 0.955333;
   q[120] 0x3 1.66667e+06 0.963333;
   q[120]~feeder 0x3 2e+06 0.036;
   q[121] 0x3 2.66667e+06 0.0213333;
   q[121]~feeder 0x3 2.33333e+06 0.951333;
   q[122] 0x3 2.66667e+06 0.0386667;
   q[123] 0x3 2.33333e+06 0.948667;
   q[123]~feeder 0x3 2e+06 0.02;
   q[124] 0x3 1.33333e+06 0.02;
   q[124]~feeder 0x3 1.66667e+06 0.948667;
   q[125] 0x3 2.33333e+06 0.944667;
   q[126] 0x3 3e+06 0.954;
   q[127] 0x3 333333 0.931333;
   q[127]~feeder 0x3 0 0;
  reg_128b:reg_shift;
   q[0] 0x3 1.33333e+06 0.056;
   q[0]~feeder 0x3 1.33333e+06 0.056;
   q[1] 0x3 2e+06 0.036;
   q[2] 0x3 1.66667e+06 0.962;
   q[3] 0x3 1.33333e+06 0.0133333;
   q[3]~feeder 0x3 1.33333e+06 0.0133333;
   q[4] 0x3 2.33333e+06 0.962;
   q[4]~feeder 0x3 2.33333e+06 0.963333;
   q[5] 0x3 2e+06 0.0226667;
   q[5]~feeder 0x3 2e+06 0.0226667;
   q[6] 0x3 2e+06 0.0293333;
   q[7] 0x3 2.33333e+06 0.955333;
   q[8] 0x3 2.33333e+06 0.964667;
   q[9] 0x3 2.33333e+06 0.964667;
   q[10] 0x3 2.33333e+06 0.948667;
   q[10]~feeder 0x3 2.33333e+06 0.95;
   q[11] 0x3 1.33333e+06 0.0333333;
   q[11]~feeder 0x3 1.33333e+06 0.0333333;
   q[12] 0x3 666667 0.0333333;
   q[13] 0x3 1.33333e+06 0.0226667;
   q[13]~feeder 0x3 1.33333e+06 0.0226667;
   q[14] 0x3 2e+06 0.0226667;
   q[15] 0x3 2e+06 0.04;
   q[16] 0x3 2.33333e+06 0.971333;
   q[17] 0x3 1.33333e+06 0.0493333;
   q[18] 0x3 2e+06 0.0266667;
   q[18]~feeder 0x3 2e+06 0.0266667;
   q[19] 0x3 2.33333e+06 0.955333;
   q[19]~feeder 0x3 2.33333e+06 0.956667;
   q[20] 0x3 666667 0.02;
   q[20]~feeder 0x3 666667 0.02;
   q[21] 0x3 2.66667e+06 0.036;
   q[22] 0x3 2e+06 0.0426667;
   q[23] 0x3 1.33333e+06 0.0266667;
   q[23]~feeder 0x3 1.33333e+06 0.0266667;
   q[24] 0x3 2.33333e+06 0.958;
   q[25] 0x3 1.66667e+06 0.971333;
   q[25]~feeder 0x3 1.66667e+06 0.972667;
   q[26] 0x3 1e+06 0.982;
   q[27] 0x3 2.33333e+06 0.948667;
   q[28] 0x3 2e+06 0.0466667;
   q[28]~feeder 0x3 2e+06 0.0466667;
   q[29] 0x3 2.33333e+06 0.944667;
   q[30] 0x3 2e+06 0.0426667;
   q[30]~feeder 0x3 2e+06 0.0426667;
   q[31] 0x3 1e+06 0.955333;
   q[32] 0x3 1.66667e+06 0.971333;
   q[33] 0x3 1.66667e+06 0.964667;
   q[34] 0x3 1.66667e+06 0.955333;
   q[34]~feeder 0x3 1.66667e+06 0.956667;
   q[35] 0x3 1.66667e+06 0.962;
   q[36] 0x3 1e+06 0.982;
   q[37] 0x3 2e+06 0.0293333;
   q[37]~feeder 0x3 2e+06 0.0293333;
   q[38] 0x3 1e+06 0.984667;
   q[38]~feeder 0x3 1e+06 0.986;
   q[39] 0x3 666667 0.06;
   q[39]~feeder 0x3 666667 0.06;
   q[40] 0x3 2.33333e+06 0.958;
   q[41] 0x3 2e+06 0.036;
   q[42] 0x3 1.33333e+06 0.02;
   q[43] 0x3 1.66667e+06 0.962;
   q[44] 0x3 2e+06 0.0266667;
   q[45] 0x3 2e+06 0.0293333;
   q[46] 0x3 2.66667e+06 0.0293333;
   q[46]~feeder 0x3 2.66667e+06 0.0293333;
   q[47] 0x3 1.66667e+06 0.955333;
   q[47]~feeder 0x3 1.66667e+06 0.956667;
   q[48] 0x3 2e+06 0.036;
   q[49] 0x3 1.66667e+06 0.951333;
   q[50] 0x3 1e+06 0.962;
   q[51] 0x3 1e+06 0.942;
   q[52] 0x3 1.33333e+06 0.02;
   q[53] 0x3 3e+06 0.958;
   q[54] 0x3 2e+06 0.036;
   q[55] 0x3 2e+06 0.0266667;
   q[55]~feeder 0x3 2e+06 0.0266667;
   q[56] 0x3 2.33333e+06 0.971333;
   q[57] 0x3 2e+06 0.036;
   q[58] 0x3 1.66667e+06 0.948667;
   q[59] 0x3 1e+06 0.962;
   q[60] 0x3 1.66667e+06 0.968667;
   q[60]~feeder 0x3 1.66667e+06 0.97;
   q[61] 0x3 1.66667e+06 0.958;
   q[61]~feeder 0x3 1.66667e+06 0.959333;
   q[62] 0x3 2.66667e+06 0.0226667;
   q[62]~feeder 0x3 2.66667e+06 0.0226667;
   q[63] 0x3 2e+06 0.02;
   q[64] 0x3 2e+06 0.0226667;
   q[65] 0x3 2.33333e+06 0.951333;
   q[66] 0x3 2e+06 0.02;
   q[66]~feeder 0x3 2e+06 0.02;
   q[67] 0x3 1.33333e+06 0.0533333;
   q[68] 0x3 1.66667e+06 0.955333;
   q[69] 0x3 2.33333e+06 0.964667;
   q[69]~feeder 0x3 2.33333e+06 0.966;
   q[70] 0x3 2.33333e+06 0.958;
   q[71] 0x3 1.33333e+06 0.0466667;
   q[72] 0x3 2.66667e+06 0.0293333;
   q[73] 0x3 1.33333e+06 0.056;
   q[74] 0x3 1.66667e+06 0.948667;
   q[75] 0x3 1.66667e+06 0.955333;
   q[76] 0x3 1.33333e+06 0.0333333;
   q[77] 0x3 1.66667e+06 0.964667;
   q[77]~feeder 0x3 1.66667e+06 0.966;
   q[78] 0x3 1.33333e+06 0.0426667;
   q[79] 0x3 1.33333e+06 0.02;
   q[80] 0x3 2e+06 0.036;
   q[80]~feeder 0x3 2e+06 0.036;
   q[81] 0x3 1.66667e+06 0.938;
   q[82] 0x3 2e+06 0.02;
   q[83] 0x3 2e+06 0.0266667;
   q[84] 0x3 1e+06 0.955333;
   q[84]~feeder 0x3 1e+06 0.956667;
   q[85] 0x3 2.33333e+06 0.964667;
   q[85]~feeder 0x3 2.33333e+06 0.966;
   q[86] 0x3 1.33333e+06 0.036;
   q[87] 0x3 2.66667e+06 0.0333333;
   q[88] 0x3 2.33333e+06 0.958;
   q[89] 0x3 2.33333e+06 0.951333;
   q[89]~feeder 0x3 2.33333e+06 0.952667;
   q[90] 0x3 1.33333e+06 0.0333333;
   q[91] 0x3 1.66667e+06 0.948667;
   q[92] 0x3 1.33333e+06 0.02;
   q[92]~feeder 0x3 1.33333e+06 0.02;
   q[93] 0x3 2.66667e+06 0.0426667;
   q[94] 0x3 1.66667e+06 0.978;
   q[95] 0x3 1.66667e+06 0.968667;
   q[96] 0x3 2.33333e+06 0.944667;
   q[97] 0x3 2e+06 0.036;
   q[98] 0x3 333333 0.968667;
   q[99] 0x3 1.33333e+06 0.04;
   q[99]~feeder 0x3 1.33333e+06 0.04;
   q[100] 0x3 1e+06 0.982;
   q[101] 0x3 1e+06 0.984667;
   q[102] 0x3 2e+06 0.0226667;
   q[102]~feeder 0x3 2e+06 0.0226667;
   q[103] 0x3 1.66667e+06 0.962;
   q[104] 0x3 1.66667e+06 0.951333;
   q[105] 0x3 2.66667e+06 0.0293333;
   q[106] 0x3 1.66667e+06 0.975333;
   q[107] 0x3 2.33333e+06 0.948667;
   q[107]~feeder 0x3 2.33333e+06 0.95;
   q[108] 0x3 3e+06 0.962;
   q[109] 0x3 1.66667e+06 0.938;
   q[109]~feeder 0x3 1.66667e+06 0.939333;
   q[110] 0x3 1.66667e+06 0.971333;
   q[110]~feeder 0x3 1.66667e+06 0.972667;
   q[111] 0x3 1.33333e+06 0.0333333;
   q[111]~feeder 0x3 1.33333e+06 0.0333333;
   q[112] 0x3 1.66667e+06 0.978;
   q[113] 0x3 1.33333e+06 0.0493333;
   q[114] 0x3 2.66667e+06 0.0266667;
   q[115] 0x3 2e+06 0.04;
   q[116] 0x3 2.33333e+06 0.955333;
   q[117] 0x3 1.66667e+06 0.964667;
   q[117]~feeder 0x3 1.66667e+06 0.966;
   q[118] 0x3 2.66667e+06 0.036;
   q[119] 0x3 1.33333e+06 0.04;
   q[120] 0x3 2.33333e+06 0.964667;
   q[121] 0x3 2e+06 0.0293333;
   q[122] 0x3 2e+06 0.0333333;
   q[123] 0x3 1.66667e+06 0.948667;
   q[124] 0x3 2e+06 0.0266667;
   q[124]~feeder 0x3 2e+06 0.0266667;
   q[125] 0x3 2.33333e+06 0.964667;
   q[126] 0x3 2.33333e+06 0.964667;
   q[126]~feeder 0x3 2.33333e+06 0.966;
   q[127] 0x3 1.66667e+06 0.975333;
  reg_128b:reg_sub;
   q[0] 0x3 2.33333e+06 0.946;
   q[0]~feeder 0x3 2.33333e+06 0.9525;
   q[1] 0x3 2e+06 0.036;
   q[1]~feeder 0x3 2.33333e+06 0.967167;
   q[2] 0x3 333333 0.97;
   q[2]~feeder 0x3 666667 0.0453333;
   q[3] 0x3 1.33333e+06 0.04;
   q[3]~feeder 0x3 1.33333e+06 0.04;
   q[4] 0x3 1e+06 0.983333;
   q[4]~feeder 0x3 1.33333e+06 0.0586667;
   q[5] 0x3 1e+06 0.986;
   q[5]~feeder 0x3 1e+06 0.9925;
   q[6] 0x3 2e+06 0.0226667;
   q[6]~feeder 0x3 2e+06 0.028;
   q[7] 0x3 1.66667e+06 0.963333;
   q[7]~feeder 0x3 2e+06 0.0386667;
   q[8] 0x3 2.66667e+06 0.0293333;
   q[8]~feeder 0x3 3e+06 0.9605;
   q[9] 0x3 1.33333e+06 0.056;
   q[9]~feeder 0x3 1.66667e+06 0.987167;
   q[10] 0x3 1.66667e+06 0.95;
   q[10]~feeder 0x3 2e+06 0.0253333;
   q[11] 0x3 1.66667e+06 0.956667;
   q[11]~feeder 0x3 1.66667e+06 0.957833;
   q[12] 0x3 1.33333e+06 0.0333333;
   q[12]~feeder 0x3 1.33333e+06 0.0333333;
   q[13] 0x3 1.66667e+06 0.966;
   q[13]~feeder 0x3 1.66667e+06 0.9725;
   q[14] 0x3 1.33333e+06 0.0426667;
   q[14]~feeder 0x3 1.33333e+06 0.048;
   q[15] 0x3 1.33333e+06 0.02;
   q[15]~feeder 0x3 1.33333e+06 0.02;
   q[16] 0x3 2e+06 0.036;
   q[16]~feeder 0x3 2e+06 0.0413333;
   q[17] 0x3 1.66667e+06 0.952667;
   q[17]~feeder 0x3 1.66667e+06 0.959167;
   q[18] 0x3 1e+06 0.963333;
   q[18]~feeder 0x3 1.33333e+06 0.0386667;
   q[19] 0x3 1e+06 0.943333;
   q[19]~feeder 0x3 1.33333e+06 0.0186667;
   q[20] 0x3 1.33333e+06 0.02;
   q[20]~feeder 0x3 1.33333e+06 0.02;
   q[21] 0x3 3e+06 0.959333;
   q[21]~feeder 0x3 3.33333e+06 0.04;
   q[22] 0x3 2e+06 0.036;
   q[22]~feeder 0x3 2e+06 0.0413333;
   q[23] 0x3 2e+06 0.0266667;
   q[23]~feeder 0x3 2e+06 0.0266667;
   q[24] 0x3 2.33333e+06 0.959333;
   q[24]~feeder 0x3 2.66667e+06 0.04;
   q[25] 0x3 1.66667e+06 0.972667;
   q[25]~feeder 0x3 2e+06 0.0533333;
   q[26] 0x3 1e+06 0.983333;
   q[26]~feeder 0x3 1e+06 0.9845;
   q[27] 0x3 2.33333e+06 0.95;
   q[27]~feeder 0x3 2.66667e+06 0.0253333;
   q[28] 0x3 2e+06 0.0466667;
   q[28]~feeder 0x3 2.33333e+06 0.9725;
   q[29] 0x3 2.33333e+06 0.946;
   q[29]~feeder 0x3 2.66667e+06 0.0266667;
   q[30] 0x3 2e+06 0.0426667;
   q[30]~feeder 0x3 2.33333e+06 0.973833;
   q[31] 0x3 1e+06 0.956667;
   q[31]~feeder 0x3 1e+06 0.957833;
   q[32] 0x3 1.33333e+06 0.056;
   q[32]~feeder 0x3 1.33333e+06 0.0613333;
   q[33] 0x3 2e+06 0.036;
   q[34] 0x3 1.66667e+06 0.963333;
   q[35] 0x3 1.33333e+06 0.0133333;
   q[35]~feeder 0x3 1.66667e+06 0.939167;
   q[36] 0x3 2.33333e+06 0.963333;
   q[36]~feeder 0x3 2.66667e+06 0.0386667;
   q[37] 0x3 2e+06 0.0226667;
   q[37]~feeder 0x3 2e+06 0.028;
   q[38] 0x3 2e+06 0.0293333;
   q[38]~feeder 0x3 2e+06 0.0346667;
   q[39] 0x3 2.33333e+06 0.956667;
   q[39]~feeder 0x3 2.33333e+06 0.957833;
   q[40] 0x3 1.66667e+06 0.952667;
   q[40]~feeder 0x3 1.66667e+06 0.959167;
   q[41] 0x3 2.66667e+06 0.0293333;
   q[41]~feeder 0x3 3e+06 0.9605;
   q[42] 0x3 1.66667e+06 0.976667;
   q[42]~feeder 0x3 1.66667e+06 0.977833;
   q[43] 0x3 2.33333e+06 0.95;
   q[43]~feeder 0x3 2.66667e+06 0.0253333;
   q[44] 0x3 3e+06 0.963333;
   q[44]~feeder 0x3 3e+06 0.9645;
   q[45] 0x3 1.66667e+06 0.939333;
   q[45]~feeder 0x3 2e+06 0.02;
   q[46] 0x3 1.66667e+06 0.972667;
   q[46]~feeder 0x3 2e+06 0.0533333;
   q[47] 0x3 1.33333e+06 0.0333333;
   q[47]~feeder 0x3 1.66667e+06 0.959167;
   q[48] 0x3 2e+06 0.036;
   q[48]~feeder 0x3 2e+06 0.0413333;
   q[49] 0x3 1.66667e+06 0.939333;
   q[49]~feeder 0x3 1.66667e+06 0.945833;
   q[50] 0x3 2e+06 0.02;
   q[50]~feeder 0x3 2e+06 0.02;
   q[51] 0x3 2e+06 0.0266667;
   q[51]~feeder 0x3 2e+06 0.0266667;
   q[52] 0x3 1e+06 0.956667;
   q[52]~feeder 0x3 1.33333e+06 0.032;
   q[53] 0x3 2.33333e+06 0.966;
   q[53]~feeder 0x3 2.66667e+06 0.0466667;
   q[54] 0x3 1.33333e+06 0.036;
   q[54]~feeder 0x3 1.33333e+06 0.0413333;
   q[55] 0x3 2.66667e+06 0.0333333;
   q[55]~feeder 0x3 3e+06 0.959167;
   q[56] 0x3 2.33333e+06 0.972667;
   q[56]~feeder 0x3 2.66667e+06 0.0533333;
   q[57] 0x3 2e+06 0.036;
   q[57]~feeder 0x3 2.33333e+06 0.967167;
   q[58] 0x3 1.66667e+06 0.95;
   q[58]~feeder 0x3 1.66667e+06 0.951167;
   q[59] 0x3 1e+06 0.963333;
   q[59]~feeder 0x3 1.33333e+06 0.0386667;
   q[60] 0x3 1.66667e+06 0.97;
   q[60]~feeder 0x3 2e+06 0.0453333;
   q[61] 0x3 1.66667e+06 0.959333;
   q[61]~feeder 0x3 2e+06 0.04;
   q[62] 0x3 2.66667e+06 0.0226667;
   q[62]~feeder 0x3 2.66667e+06 0.028;
   q[63] 0x3 2e+06 0.02;
   q[63]~feeder 0x3 2.33333e+06 0.945833;
   q[64] 0x3 1.66667e+06 0.972667;
   q[64]~feeder 0x3 1.66667e+06 0.979167;
   q[65] 0x3 1.66667e+06 0.966;
   q[65]~feeder 0x3 1.66667e+06 0.9725;
   q[66] 0x3 1.66667e+06 0.956667;
   q[66]~feeder 0x3 1.66667e+06 0.957833;
   q[67] 0x3 1.66667e+06 0.963333;
   q[67]~feeder 0x3 1.66667e+06 0.9645;
   q[68] 0x3 1e+06 0.983333;
   q[68]~feeder 0x3 1.33333e+06 0.0586667;
   q[69] 0x3 2e+06 0.0293333;
   q[69]~feeder 0x3 2e+06 0.0346667;
   q[70] 0x3 1e+06 0.986;
   q[70]~feeder 0x3 1.33333e+06 0.0666667;
   q[71] 0x3 666667 0.06;
   q[71]~feeder 0x3 666667 0.06;
   q[72] 0x3 2.33333e+06 0.966;
   q[72]~feeder 0x3 2.33333e+06 0.9725;
   q[73] 0x3 2.33333e+06 0.966;
   q[73]~feeder 0x3 2.66667e+06 0.0466667;
   q[74] 0x3 2.33333e+06 0.95;
   q[74]~feeder 0x3 2.66667e+06 0.0253333;
   q[75] 0x3 1.33333e+06 0.0333333;
   q[75]~feeder 0x3 1.33333e+06 0.0333333;
   q[76] 0x3 666667 0.0333333;
   q[76]~feeder 0x3 666667 0.0333333;
   q[77] 0x3 1.33333e+06 0.0226667;
   q[77]~feeder 0x3 1.33333e+06 0.028;
   q[78] 0x3 2e+06 0.0226667;
   q[78]~feeder 0x3 2e+06 0.028;
   q[79] 0x3 2e+06 0.04;
   q[79]~feeder 0x3 2e+06 0.04;
   q[80] 0x3 1.66667e+06 0.979333;
   q[80]~feeder 0x3 2e+06 0.06;
   q[81] 0x3 1.33333e+06 0.0493333;
   q[81]~feeder 0x3 1.66667e+06 0.9805;
   q[82] 0x3 2.66667e+06 0.0266667;
   q[82]~feeder 0x3 3e+06 0.9525;
   q[83] 0x3 2e+06 0.04;
   q[83]~feeder 0x3 2e+06 0.04;
   q[84] 0x3 2.33333e+06 0.956667;
   q[84]~feeder 0x3 2.66667e+06 0.032;
   q[85] 0x3 1.66667e+06 0.966;
   q[85]~feeder 0x3 2e+06 0.0466667;
   q[86] 0x3 2.66667e+06 0.036;
   q[86]~feeder 0x3 2.66667e+06 0.0413333;
   q[87] 0x3 1.33333e+06 0.04;
   q[87]~feeder 0x3 1.66667e+06 0.965833;
   q[88] 0x3 2.33333e+06 0.959333;
   q[88]~feeder 0x3 2.33333e+06 0.965833;
   q[89] 0x3 2.33333e+06 0.952667;
   q[89]~feeder 0x3 2.33333e+06 0.959167;
   q[90] 0x3 1.33333e+06 0.0333333;
   q[90]~feeder 0x3 1.66667e+06 0.959167;
   q[91] 0x3 1.66667e+06 0.95;
   q[91]~feeder 0x3 2e+06 0.0253333;
   q[92] 0x3 1.33333e+06 0.02;
   q[92]~feeder 0x3 1.66667e+06 0.945833;
   q[93] 0x3 2.66667e+06 0.0426667;
   q[93]~feeder 0x3 3e+06 0.973833;
   q[94] 0x3 1.66667e+06 0.979333;
   q[94]~feeder 0x3 1.66667e+06 0.985833;
   q[95] 0x3 1.66667e+06 0.97;
   q[95]~feeder 0x3 2e+06 0.0453333;
   q[96] 0x3 2e+06 0.0226667;
   q[96]~feeder 0x3 2e+06 0.028;
   q[97] 0x3 2.33333e+06 0.952667;
   q[97]~feeder 0x3 2.66667e+06 0.0333333;
   q[98] 0x3 2e+06 0.02;
   q[98]~feeder 0x3 2.33333e+06 0.945833;
   q[99] 0x3 1.33333e+06 0.0533333;
   q[99]~feeder 0x3 1.33333e+06 0.0533333;
   q[100] 0x3 1.66667e+06 0.956667;
   q[100]~feeder 0x3 2e+06 0.032;
   q[101] 0x3 2.33333e+06 0.966;
   q[101]~feeder 0x3 2.33333e+06 0.9725;
   q[102] 0x3 2.33333e+06 0.959333;
   q[102]~feeder 0x3 2.66667e+06 0.04;
   q[103] 0x3 1.33333e+06 0.0466667;
   q[103]~feeder 0x3 1.66667e+06 0.9725;
   q[104] 0x3 2.33333e+06 0.959333;
   q[104]~feeder 0x3 2.33333e+06 0.965833;
   q[105] 0x3 2e+06 0.036;
   q[105]~feeder 0x3 2.33333e+06 0.967167;
   q[106] 0x3 1.33333e+06 0.02;
   q[106]~feeder 0x3 1.66667e+06 0.945833;
   q[107] 0x3 1.66667e+06 0.963333;
   q[108] 0x3 2e+06 0.0266667;
   q[108]~feeder 0x3 2.33333e+06 0.9525;
   q[109] 0x3 2e+06 0.0293333;
   q[109]~feeder 0x3 2e+06 0.0346667;
   q[110] 0x3 2.66667e+06 0.0293333;
   q[110]~feeder 0x3 3e+06 0.9605;
   q[111] 0x3 1.66667e+06 0.956667;
   q[111]~feeder 0x3 2e+06 0.032;
   q[112] 0x3 2.33333e+06 0.972667;
   q[112]~feeder 0x3 2.33333e+06 0.979167;
   q[113] 0x3 1.33333e+06 0.0493333;
   q[113]~feeder 0x3 1.66667e+06 0.9805;
   q[114] 0x3 2e+06 0.0266667;
   q[114]~feeder 0x3 2.33333e+06 0.9525;
   q[115] 0x3 2.33333e+06 0.956667;
   q[115]~feeder 0x3 2.33333e+06 0.957833;
   q[116] 0x3 666667 0.02;
   q[116]~feeder 0x3 1e+06 0.945833;
   q[117] 0x3 2.66667e+06 0.036;
   q[117]~feeder 0x3 3e+06 0.967167;
   q[118] 0x3 2e+06 0.0426667;
   q[118]~feeder 0x3 2e+06 0.048;
   q[119] 0x3 1.33333e+06 0.0266667;
   q[119]~feeder 0x3 1.33333e+06 0.0266667;
   q[120] 0x3 2.33333e+06 0.966;
   q[120]~feeder 0x3 2.66667e+06 0.0466667;
   q[121] 0x3 2e+06 0.0293333;
   q[121]~feeder 0x3 2.33333e+06 0.9605;
   q[122] 0x3 2e+06 0.0333333;
   q[122]~feeder 0x3 2e+06 0.0333333;
   q[123] 0x3 1.66667e+06 0.95;
   q[123]~feeder 0x3 2e+06 0.0253333;
   q[124] 0x3 2e+06 0.0266667;
   q[124]~feeder 0x3 2.33333e+06 0.9525;
   q[125] 0x3 2.33333e+06 0.966;
   q[125]~feeder 0x3 2.66667e+06 0.0466667;
   q[126] 0x3 2.33333e+06 0.966;
   q[126]~feeder 0x3 2.66667e+06 0.0466667;
   q[127] 0x3 1.66667e+06 0.976667;
   q[127]~feeder 0x3 2e+06 0.052;
  subBytes:sub;
   rom:mem0;
    altsyncram:rom_rtl_0;
     altsyncram_tin1:auto_generated;
      ram_block1a0 0x3 2.66667e+06 0.0466667;
      ram_block1a0~PORTBDATAOUT0 0x3 2.33333e+06 0.979167;
      ram_block1a1 0x3 2.33333e+06 0.9605;
      ram_block1a1~PORTBDATAOUT0 0x3 1.66667e+06 0.9805;
      ram_block1a2 0x3 2e+06 0.0333333;
      ram_block1a2~PORTBDATAOUT0 0x3 2.33333e+06 0.9525;
      ram_block1a3 0x3 2e+06 0.0253333;
      ram_block1a3~PORTBDATAOUT0 0x3 2.33333e+06 0.957833;
      ram_block1a4 0x3 2.33333e+06 0.9525;
      ram_block1a4~PORTBDATAOUT0 0x3 1e+06 0.945833;
      ram_block1a5 0x3 2.66667e+06 0.0466667;
      ram_block1a5~PORTBDATAOUT0 0x3 3e+06 0.967167;
      ram_block1a6 0x3 2.66667e+06 0.0466667;
      ram_block1a6~PORTBDATAOUT0 0x3 2e+06 0.048;
      ram_block1a7 0x3 2e+06 0.052;
      ram_block1a7~PORTBDATAOUT0 0x3 1.33333e+06 0.0266667;
   rom:mem1;
    altsyncram:rom_rtl_0;
     altsyncram_tin1:auto_generated;
      ram_block1a0 0x3 2.33333e+06 0.965833;
      ram_block1a0~PORTBDATAOUT0 0x3 2e+06 0.028;
      ram_block1a1 0x3 2.33333e+06 0.967167;
      ram_block1a1~PORTBDATAOUT0 0x3 2.66667e+06 0.0333333;
      ram_block1a2 0x3 1.66667e+06 0.945833;
      ram_block1a2~PORTBDATAOUT0 0x3 2.33333e+06 0.945833;
      ram_block1a3 0x3 1.66667e+06 0.9645;
      ram_block1a3~PORTBDATAOUT0 0x3 1.33333e+06 0.0533333;
      ram_block1a4 0x3 2.33333e+06 0.9525;
      ram_block1a4~PORTBDATAOUT0 0x3 2e+06 0.032;
      ram_block1a5 0x3 2e+06 0.0346667;
      ram_block1a5~PORTBDATAOUT0 0x3 2.33333e+06 0.9725;
      ram_block1a6 0x3 3e+06 0.9605;
      ram_block1a6~PORTBDATAOUT0 0x3 2.66667e+06 0.04;
      ram_block1a7 0x3 2e+06 0.032;
      ram_block1a7~PORTBDATAOUT0 0x3 1.66667e+06 0.9725;
   rom:mem2;
    altsyncram:rom_rtl_0;
     altsyncram_tin1:auto_generated;
      ram_block1a0 0x3 2.33333e+06 0.965833;
      ram_block1a0~PORTBDATAOUT0 0x3 2e+06 0.06;
      ram_block1a1 0x3 2.33333e+06 0.959167;
      ram_block1a1~PORTBDATAOUT0 0x3 1.66667e+06 0.9805;
      ram_block1a2 0x3 1.66667e+06 0.959167;
      ram_block1a2~PORTBDATAOUT0 0x3 3e+06 0.9525;
      ram_block1a3 0x3 2e+06 0.0253333;
      ram_block1a3~PORTBDATAOUT0 0x3 2e+06 0.04;
      ram_block1a4 0x3 1.66667e+06 0.945833;
      ram_block1a4~PORTBDATAOUT0 0x3 2.66667e+06 0.032;
      ram_block1a5 0x3 3e+06 0.973833;
      ram_block1a5~PORTBDATAOUT0 0x3 2e+06 0.0466667;
      ram_block1a6 0x3 1.66667e+06 0.985833;
      ram_block1a6~PORTBDATAOUT0 0x3 2.66667e+06 0.0413333;
      ram_block1a7 0x3 2e+06 0.0453333;
      ram_block1a7~PORTBDATAOUT0 0x3 1.66667e+06 0.965833;
   rom:mem3;
    altsyncram:rom_rtl_0;
     altsyncram_tin1:auto_generated;
      ram_block1a0 0x3 2.33333e+06 0.9725;
      ram_block1a0~PORTBDATAOUT0 0x3 1.66667e+06 0.979167;
      ram_block1a1 0x3 2.66667e+06 0.0466667;
      ram_block1a1~PORTBDATAOUT0 0x3 1.66667e+06 0.9725;
      ram_block1a2 0x3 2.66667e+06 0.0253333;
      ram_block1a2~PORTBDATAOUT0 0x3 1.66667e+06 0.957833;
      ram_block1a3 0x3 1.33333e+06 0.0333333;
      ram_block1a3~PORTBDATAOUT0 0x3 1.66667e+06 0.9645;
      ram_block1a4 0x3 666667 0.0333333;
      ram_block1a4~PORTBDATAOUT0 0x3 1.33333e+06 0.0586667;
      ram_block1a5 0x3 1.33333e+06 0.028;
      ram_block1a5~PORTBDATAOUT0 0x3 2e+06 0.0346667;
      ram_block1a6 0x3 2e+06 0.028;
      ram_block1a6~PORTBDATAOUT0 0x3 1.33333e+06 0.0666667;
      ram_block1a7 0x3 2e+06 0.04;
      ram_block1a7~PORTBDATAOUT0 0x3 666667 0.06;
   rom:mem4;
    altsyncram:rom_rtl_0;
     altsyncram_tin1:auto_generated;
      ram_block1a0 0x3 2.66667e+06 0.0533333;
      ram_block1a0~PORTBDATAOUT0 0x3 2e+06 0.0413333;
      ram_block1a1 0x3 2.33333e+06 0.967167;
      ram_block1a1~PORTBDATAOUT0 0x3 1.66667e+06 0.945833;
      ram_block1a2 0x3 1.66667e+06 0.951167;
      ram_block1a2~PORTBDATAOUT0 0x3 2e+06 0.02;
      ram_block1a3 0x3 1.33333e+06 0.0386667;
      ram_block1a3~PORTBDATAOUT0 0x3 2e+06 0.0266667;
      ram_block1a4 0x3 2e+06 0.0453333;
      ram_block1a4~PORTBDATAOUT0 0x3 1.33333e+06 0.032;
      ram_block1a5 0x3 2e+06 0.04;
      ram_block1a5~PORTBDATAOUT0 0x3 2.66667e+06 0.0466667;
      ram_block1a6 0x3 2.66667e+06 0.028;
      ram_block1a6~PORTBDATAOUT0 0x3 1.33333e+06 0.0413333;
      ram_block1a7 0x3 2.33333e+06 0.945833;
      ram_block1a7~PORTBDATAOUT0 0x3 3e+06 0.959167;
   rom:mem5;
    altsyncram:rom_rtl_0;
     altsyncram_tin1:auto_generated;
      ram_block1a0 0x3 1.66667e+06 0.959167;
      ram_block1a0~PORTBDATAOUT0 0x3 1.33333e+06 0.0613333;
      ram_block1a1 0x3 3e+06 0.9605;
      ram_block1a1~PORTBDATAOUT0 0x3 2e+06 0.0413333;
      ram_block1a2 0x3 1.66667e+06 0.977833;
      ram_block1a2~PORTBDATAOUT0 0x3 2e+06 0.0386667;
      ram_block1a3 0x3 2.66667e+06 0.0253333;
      ram_block1a3~PORTBDATAOUT0 0x3 1.66667e+06 0.939167;
      ram_block1a4 0x3 3e+06 0.9645;
      ram_block1a4~PORTBDATAOUT0 0x3 2.66667e+06 0.0386667;
      ram_block1a5 0x3 2e+06 0.02;
      ram_block1a5~PORTBDATAOUT0 0x3 2e+06 0.028;
      ram_block1a6 0x3 2e+06 0.0533333;
      ram_block1a6~PORTBDATAOUT0 0x3 2e+06 0.0346667;
      ram_block1a7 0x3 1.66667e+06 0.959167;
      ram_block1a7~PORTBDATAOUT0 0x3 2.33333e+06 0.957833;
   rom:mem6;
    altsyncram:rom_rtl_0;
     altsyncram_tin1:auto_generated;
      ram_block1a0 0x3 2.66667e+06 0.04;
      ram_block1a0~PORTBDATAOUT0 0x3 2e+06 0.0413333;
      ram_block1a1 0x3 2e+06 0.0533333;
      ram_block1a1~PORTBDATAOUT0 0x3 1.66667e+06 0.959167;
      ram_block1a2 0x3 1e+06 0.9845;
      ram_block1a2~PORTBDATAOUT0 0x3 1.33333e+06 0.0386667;
      ram_block1a3 0x3 2.66667e+06 0.0253333;
      ram_block1a3~PORTBDATAOUT0 0x3 1.33333e+06 0.0186667;
      ram_block1a4 0x3 2.33333e+06 0.9725;
      ram_block1a4~PORTBDATAOUT0 0x3 1.33333e+06 0.02;
      ram_block1a5 0x3 2.66667e+06 0.0266667;
      ram_block1a5~PORTBDATAOUT0 0x3 3.33333e+06 0.04;
      ram_block1a6 0x3 2.33333e+06 0.973833;
      ram_block1a6~PORTBDATAOUT0 0x3 2e+06 0.0413333;
      ram_block1a7 0x3 1e+06 0.957833;
      ram_block1a7~PORTBDATAOUT0 0x3 2e+06 0.0266667;
   rom:mem7;
    altsyncram:rom_rtl_0;
     altsyncram_tin1:auto_generated;
      ram_block1a0 0x3 3e+06 0.9605;
      ram_block1a0~PORTBDATAOUT0 0x3 2.33333e+06 0.9525;
      ram_block1a1 0x3 1.66667e+06 0.987167;
      ram_block1a1~PORTBDATAOUT0 0x3 2.33333e+06 0.967167;
      ram_block1a2 0x3 2e+06 0.0253333;
      ram_block1a2~PORTBDATAOUT0 0x3 666667 0.0453333;
      ram_block1a3 0x3 1.66667e+06 0.957833;
      ram_block1a3~PORTBDATAOUT0 0x3 1.33333e+06 0.04;
      ram_block1a4 0x3 1.33333e+06 0.0333333;
      ram_block1a4~PORTBDATAOUT0 0x3 1.33333e+06 0.0586667;
      ram_block1a5 0x3 1.66667e+06 0.9725;
      ram_block1a5~PORTBDATAOUT0 0x3 1e+06 0.9925;
      ram_block1a6 0x3 1.33333e+06 0.048;
      ram_block1a6~PORTBDATAOUT0 0x3 2e+06 0.028;
      ram_block1a7 0x3 1.33333e+06 0.02;
      ram_block1a7~PORTBDATAOUT0 0x3 2e+06 0.0386667;
 reset_n 0x3 333333 0.00533333;
 reset_n~input 0x3 333333 0.00533333;
 round_m[0] 0x3 3.33333e+06 0.032;
 round_m[0]~output 0x3 3.33333e+06 0.032;
 round_m[1] 0x3 1.66667e+06 0.959333;
 round_m[1]~output 0x3 1.66667e+06 0.959333;
 round_m[2] 0x3 666667 0.0266667;
 round_m[2]~output 0x3 666667 0.0266667;
 round_m[3] 0x3 333333 0.946;
 round_m[3]~output 0x3 333333 0.946;
 sel_m 0x3 666667 0.064;
 sel_m3 0x3 666667 0.00533333;
 sel_m3~output 0x3 666667 0.00533333;
 sel_m~output 0x3 666667 0.064;
 state[0] 0x3 1.36667e+07 0.954;
 state[0]~output 0x3 1.36667e+07 0.954;
 state[1] 0x3 7e+06 0.967333;
 state[1]~output 0x3 7e+06 0.967333;
 state[2] 0x3 6.33333e+06 0.966;
 state[2]~output 0x3 6.33333e+06 0.966;
 ~ALTERA_ASDO_DATA1~ 0x120 0 0.5;
 ~ALTERA_DATA0~ 0x120 0 0.5;
 ~ALTERA_DCLK~ 0xc0 0 0;
 ~ALTERA_DCLK~~obuf 0xc0 0 0;
 ~ALTERA_FLASH_nCE_nCSO~ 0x120 0 0.5;
 ~ALTERA_nCEO~ 0xc0 0 1;
 ~ALTERA_nCEO~~obuf 0xc0 0 1;

END_OUTPUT_SIGNAL_INFO;

