Info: Start Nativelink Simulation process

========= EDA Simulation Settings =====================

Sim Mode              :  Gate
Family                :  cycloneiii
Quartus root          :  c:/altera/13.0sp1/quartus/bin64/
Quartus sim root      :  c:/altera/13.0sp1/quartus/eda/sim_lib
Simulation Tool       :  modelsim-altera
Simulation Language   :  vhdl
Version               :  93
Simulation Mode       :  GUI
Sim Output File       :  aes.vho
Sim SDF file          :  aes__vhdl.sdo
Sim dir               :  simulation\modelsim

=======================================================

Info: Starting NativeLink simulation with ModelSim-Altera software
Sourced NativeLink script c:/altera/13.0sp1/quartus/common/tcl/internal/nativelink/modelsim.tcl
Warning: File aes_run_msim_gate_vhdl.do already exists - backing up current file as aes_run_msim_gate_vhdl.do.bak11
Probing transcript
ModelSim-Altera Info: # Reading C:/altera/13.0sp1/modelsim_ase/tcl/vsim/pref.tcl 
ModelSim-Altera Info: # do aes_run_msim_gate_vhdl.do 
ModelSim-Altera Info: # if {[file exists gate_work]} {
ModelSim-Altera Info: # 	vdel -lib gate_work -all
ModelSim-Altera Info: # }
ModelSim-Altera Info: # vlib gate_work
ModelSim-Altera Info: # vmap work gate_work
ModelSim-Altera Info: # Copying C:\altera\13.0sp1\modelsim_ase\win32aloem/../modelsim.ini to modelsim.ini
ModelSim-Altera Info: # Modifying modelsim.ini
ModelSim-Altera Warning: # ** Warning: Copied C:\altera\13.0sp1\modelsim_ase\win32aloem/../modelsim.ini to modelsim.ini.
ModelSim-Altera Info: #          Updated modelsim.ini.
ModelSim-Altera Info: # 
ModelSim-Altera Info: # vcom -93 -work work {aes.vho}
ModelSim-Altera Info: # Model Technology ModelSim ALTERA vcom 10.1d Compiler 2012.11 Nov  2 2012
ModelSim-Altera Info: # -- Loading package STANDARD
ModelSim-Altera Info: # -- Loading package TEXTIO
ModelSim-Altera Info: # -- Loading package std_logic_1164
ModelSim-Altera Info: # -- Loading package VITAL_Timing
ModelSim-Altera Info: # -- Loading package VITAL_Primitives
ModelSim-Altera Info: # -- Loading package cycloneiii_atom_pack
ModelSim-Altera Info: # -- Loading package cycloneiii_components
ModelSim-Altera Info: # -- Compiling entity altsyncram_8
ModelSim-Altera Info: # -- Compiling architecture structure of altsyncram_8
ModelSim-Altera Info: # -- Compiling entity altsyncram_10
ModelSim-Altera Info: # -- Compiling architecture structure of altsyncram_10
ModelSim-Altera Info: # -- Compiling entity altsyncram_7
ModelSim-Altera Info: # -- Compiling architecture structure of altsyncram_7
ModelSim-Altera Info: # -- Compiling entity altsyncram_4
ModelSim-Altera Info: # -- Compiling architecture structure of altsyncram_4
ModelSim-Altera Info: # -- Compiling entity altsyncram_9
ModelSim-Altera Info: # -- Compiling architecture structure of altsyncram_9
ModelSim-Altera Info: # -- Compiling entity altsyncram_1
ModelSim-Altera Info: # -- Compiling architecture structure of altsyncram_1
ModelSim-Altera Info: # -- Compiling entity altsyncram_3
ModelSim-Altera Info: # -- Compiling architecture structure of altsyncram_3
ModelSim-Altera Info: # -- Compiling entity altsyncram_6
ModelSim-Altera Info: # -- Compiling architecture structure of altsyncram_6
ModelSim-Altera Info: # -- Compiling entity altsyncram_2
ModelSim-Altera Info: # -- Compiling architecture structure of altsyncram_2
ModelSim-Altera Info: # -- Compiling entity altsyncram_5
ModelSim-Altera Info: # -- Compiling architecture structure of altsyncram_5
ModelSim-Altera Info: # -- Loading package dffeas_pack
ModelSim-Altera Info: # -- Loading package altera_primitives_components
ModelSim-Altera Info: # -- Compiling entity aes
ModelSim-Altera Info: # -- Compiling architecture structure of aes
ModelSim-Altera Info: # 
ModelSim-Altera Info: # vcom -93 -work work {D:/Documentos/Designs/Quartus/AES/testbench.vhd}
ModelSim-Altera Info: # Model Technology ModelSim ALTERA vcom 10.1d Compiler 2012.11 Nov  2 2012
ModelSim-Altera Info: # -- Loading package STANDARD
ModelSim-Altera Info: # -- Loading package TEXTIO
ModelSim-Altera Info: # -- Loading package std_logic_1164
ModelSim-Altera Info: # -- Loading package NUMERIC_STD
ModelSim-Altera Info: # -- Compiling entity testbench
ModelSim-Altera Info: # -- Compiling architecture rtl of testbench
ModelSim-Altera Info: # 
ModelSim-Altera Info: # vsim -t 1ps -L altera -L cycloneiii -L gate_work -L work -voptargs="+acc"  testbench
ModelSim-Altera Info: # vsim -L altera -L cycloneiii -L gate_work -L work -voptargs=\"+acc\" -t 1ps testbench 
ModelSim-Altera Info: # Loading std.standard
ModelSim-Altera Info: # Loading std.textio(body)
ModelSim-Altera Info: # Loading ieee.std_logic_1164(body)
ModelSim-Altera Info: # Loading ieee.numeric_std(body)
ModelSim-Altera Info: # Loading work.testbench(rtl)
ModelSim-Altera Info: # Loading ieee.vital_timing(body)
ModelSim-Altera Info: # Loading ieee.vital_primitives(body)
ModelSim-Altera Info: # Loading altera.dffeas_pack
ModelSim-Altera Info: # Loading altera.altera_primitives_components
ModelSim-Altera Info: # Loading cycloneiii.cycloneiii_atom_pack(body)
ModelSim-Altera Info: # Loading cycloneiii.cycloneiii_components
ModelSim-Altera Info: # Loading work.aes(structure)
ModelSim-Altera Info: # Loading work.altsyncram_8(structure)
ModelSim-Altera Info: # Loading cycloneiii.cycloneiii_ram_block(block_arch)
ModelSim-Altera Info: # Loading cycloneiii.cycloneiii_ram_register(reg_arch)
ModelSim-Altera Info: # Loading cycloneiii.cycloneiii_ram_pulse_generator(pgen_arch)
ModelSim-Altera Info: # Loading cycloneiii.cycloneiii_lcell_comb(vital_lcell_comb)
ModelSim-Altera Info: # Loading work.altsyncram_10(structure)
ModelSim-Altera Info: # Loading work.altsyncram_7(structure)
ModelSim-Altera Info: # Loading work.altsyncram_4(structure)
ModelSim-Altera Info: # Loading work.altsyncram_9(structure)
ModelSim-Altera Info: # Loading work.altsyncram_1(structure)
ModelSim-Altera Info: # Loading work.altsyncram_3(structure)
ModelSim-Altera Info: # Loading work.altsyncram_6(structure)
ModelSim-Altera Info: # Loading work.altsyncram_2(structure)
ModelSim-Altera Info: # Loading work.altsyncram_5(structure)
ModelSim-Altera Info: # Loading altera.dffeas(vital_dffeas)
ModelSim-Altera Info: # Loading ieee.std_logic_arith(body)
ModelSim-Altera Info: # Loading cycloneiii.cycloneiii_io_obuf(arch)
ModelSim-Altera Info: # Loading cycloneiii.cycloneiii_io_ibuf(arch)
ModelSim-Altera Info: # Loading cycloneiii.cycloneiii_clkctrl(vital_clkctrl)
ModelSim-Altera Info: # Loading cycloneiii.cycloneiii_ena_reg(behave)
ModelSim-Altera Warning: # ** Warning: Design size of 24 instances exceeds ModelSim ALTERA recommended capacity.
ModelSim-Altera Info: # This may because you are loading cell libraries which are not recommended with
ModelSim-Altera Info: # the ModelSim Altera version. Expect performance to be adversely affected.
ModelSim-Altera Info: # 
ModelSim-Altera Info: # source aes_dump_all_vcd_nodes.tcl
ModelSim-Altera Info: # 0
ModelSim-Altera Info: # add wave *
ModelSim-Altera Info: # view structure
ModelSim-Altera Info: # .main_pane.structure.interior.cs.body.struct
ModelSim-Altera Info: # view signals
ModelSim-Altera Info: # .main_pane.objects.interior.cs.body.tree
ModelSim-Altera Info: # run 1000 ns
Info: NativeLink simulation flow was successful
