Flow report for aes
Mon Nov 18 16:15:11 2019
Quartus II 64-Bit Version 13.0.1 Build 232 06/12/2013 Service Pack 1 SJ Web Edition


---------------------
; Table of Contents ;
---------------------
  1. Legal Notice
  2. Flow Summary
  3. Flow Settings
  4. Flow Non-Default Global Settings
  5. Flow Elapsed Time
  6. Flow OS Summary
  7. Flow Log
  8. Flow Messages
  9. Flow Suppressed Messages



----------------
; Legal Notice ;
----------------
Copyright (C) 1991-2013 Altera Corporation
Your use of Altera Corporation's design tools, logic functions 
and other software and tools, and its AMPP partner logic 
functions, and any output files from any of the foregoing 
(including device programming or simulation files), and any 
associated documentation or information are expressly subject 
to the terms and conditions of the Altera Program License 
Subscription Agreement, Altera MegaCore Function License 
Agreement, or other applicable license agreement, including, 
without limitation, that your use is for the sole purpose of 
programming logic devices manufactured by Altera and sold by 
Altera or its authorized distributors.  Please refer to the 
applicable agreement for further details.



+--------------------------------------------------------------------------------------+
; Flow Summary                                                                         ;
+------------------------------------+-------------------------------------------------+
; Flow Status                        ; Successful - Mon Nov 18 16:15:11 2019           ;
; Quartus II 64-Bit Version          ; 13.0.1 Build 232 06/12/2013 SP 1 SJ Web Edition ;
; Revision Name                      ; aes                                             ;
; Top-level Entity Name              ; aes                                             ;
; Family                             ; Cyclone III                                     ;
; Device                             ; EP3C25F324C6                                    ;
; Timing Models                      ; Final                                           ;
; Total logic elements               ; 865 / 24,624 ( 4 % )                            ;
;     Total combinational functions  ; 620 / 24,624 ( 3 % )                            ;
;     Dedicated logic registers      ; 684 / 24,624 ( 3 % )                            ;
; Total registers                    ; 684                                             ;
; Total pins                         ; 144 / 216 ( 67 % )                              ;
; Total virtual pins                 ; 0                                               ;
; Total memory bits                  ; 20,480 / 608,256 ( 3 % )                        ;
; Embedded Multiplier 9-bit elements ; 0 / 132 ( 0 % )                                 ;
; Total PLLs                         ; 0 / 4 ( 0 % )                                   ;
+------------------------------------+-------------------------------------------------+


+-----------------------------------------+
; Flow Settings                           ;
+-------------------+---------------------+
; Option            ; Setting             ;
+-------------------+---------------------+
; Start date & time ; 11/18/2019 16:14:11 ;
; Main task         ; Compilation         ;
; Revision Name     ; aes                 ;
+-------------------+---------------------+


+-----------------------------------------------------------------------------------------------------------------------------------+
; Flow Non-Default Global Settings                                                                                                  ;
+--------------------------------------+---------------------------------------------+---------------+-------------+----------------+
; Assignment Name                      ; Value                                       ; Default Value ; Entity Name ; Section Id     ;
+--------------------------------------+---------------------------------------------+---------------+-------------+----------------+
; COMPILER_SIGNATURE_ID                ; 31032335319312.157410445117180              ; --            ; --          ; --             ;
; EDA_DESIGN_INSTANCE_NAME             ; tudo                                        ; --            ; --          ; testbench      ;
; EDA_ENABLE_GLITCH_FILTERING          ; On                                          ; --            ; --          ; eda_simulation ;
; EDA_FORMAL_VERIFICATION_TOOL         ; Conformal LEC                               ; <None>        ; --          ; --             ;
; EDA_GENERATE_FUNCTIONAL_NETLIST      ; On                                          ; --            ; --          ; eda_simulation ;
; EDA_MAP_ILLEGAL_CHARACTERS           ; On                                          ; --            ; --          ; eda_simulation ;
; EDA_NATIVELINK_SIMULATION_TEST_BENCH ; testbench                                   ; --            ; --          ; eda_simulation ;
; EDA_OUTPUT_DATA_FORMAT               ; Vhdl                                        ; --            ; --          ; eda_simulation ;
; EDA_RUN_TOOL_AUTOMATICALLY           ; On                                          ; --            ; --          ; eda_simulation ;
; EDA_SIMULATION_TOOL                  ; ModelSim-Altera (VHDL)                      ; <None>        ; --          ; --             ;
; EDA_TEST_BENCH_DESIGN_INSTANCE_NAME  ; tudo                                        ; --            ; --          ; eda_simulation ;
; EDA_TEST_BENCH_ENABLE_STATUS         ; TEST_BENCH_MODE                             ; --            ; --          ; eda_simulation ;
; EDA_TEST_BENCH_FILE                  ; testbench.vhd                               ; --            ; --          ; testbench      ;
; EDA_TEST_BENCH_MODULE_NAME           ; testbench                                   ; --            ; --          ; testbench      ;
; EDA_TEST_BENCH_NAME                  ; testbench                                   ; --            ; --          ; eda_simulation ;
; EDA_TEST_BENCH_RUN_SIM_FOR           ; 1000 ns                                     ; --            ; --          ; testbench      ;
; EDA_TIME_SCALE                       ; 1 ps                                        ; --            ; --          ; eda_simulation ;
; EDA_WRITE_NODES_FOR_POWER_ESTIMATION ; ALL_NODES                                   ; --            ; --          ; eda_simulation ;
; FITTER_EFFORT                        ; Standard Fit                                ; Auto Fit      ; --          ; --             ;
; FLOW_ENABLE_POWER_ANALYZER           ; On                                          ; Off           ; --          ; --             ;
; MAX_CORE_JUNCTION_TEMP               ; 85                                          ; --            ; --          ; --             ;
; MIN_CORE_JUNCTION_TEMP               ; 0                                           ; --            ; --          ; --             ;
; PARTITION_COLOR                      ; 16764057                                    ; --            ; --          ; Top            ;
; PARTITION_FITTER_PRESERVATION_LEVEL  ; PLACEMENT_AND_ROUTING                       ; --            ; --          ; Top            ;
; PARTITION_NETLIST_TYPE               ; SOURCE                                      ; --            ; --          ; Top            ;
; POWER_BOARD_THERMAL_MODEL            ; None (CONSERVATIVE)                         ; --            ; --          ; --             ;
; POWER_DEFAULT_INPUT_IO_TOGGLE_RATE   ; 12.5 %                                      ; 12.5%         ; --          ; --             ;
; POWER_INPUT_FILE_NAME                ; simulation/modelsim/aes.vcd                 ; --            ; --          ; aes.vcd        ;
; POWER_OUTPUT_SAF_NAME                ; aes.rpt                                     ; --            ; --          ; --             ;
; POWER_PRESET_COOLING_SOLUTION        ; 23 MM HEAT SINK WITH 200 LFPM AIRFLOW       ; --            ; --          ; --             ;
; POWER_REPORT_POWER_DISSIPATION       ; On                                          ; Off           ; --          ; --             ;
; POWER_REPORT_SIGNAL_ACTIVITY         ; On                                          ; Off           ; --          ; --             ;
; POWER_USE_INPUT_FILES                ; On                                          ; Off           ; --          ; --             ;
; PROJECT_OUTPUT_DIRECTORY             ; output_files                                ; --            ; --          ; --             ;
; SEARCH_PATH                          ; d:\documentos\designs\quartus\aes\functions ; --            ; --          ; --             ;
; TIMEQUEST_DO_REPORT_TIMING           ; On                                          ; Off           ; --          ; --             ;
+--------------------------------------+---------------------------------------------+---------------+-------------+----------------+


+-------------------------------------------------------------------------------------------------------------------------------+
; Flow Elapsed Time                                                                                                             ;
+---------------------------+--------------+-------------------------+---------------------+------------------------------------+
; Module Name               ; Elapsed Time ; Average Processors Used ; Peak Virtual Memory ; Total CPU Time (on all processors) ;
+---------------------------+--------------+-------------------------+---------------------+------------------------------------+
; Analysis & Synthesis      ; 00:00:06     ; 1.0                     ; 4637 MB             ; 00:00:06                           ;
; Partition Merge           ; 00:00:02     ; 1.0                     ; 4590 MB             ; 00:00:02                           ;
; Fitter                    ; 00:00:28     ; 1.0                     ; 4840 MB             ; 00:00:27                           ;
; Assembler                 ; 00:00:03     ; 1.0                     ; 4541 MB             ; 00:00:03                           ;
; PowerPlay Power Analyzer  ; 00:00:07     ; 1.0                     ; 4579 MB             ; 00:00:06                           ;
; TimeQuest Timing Analyzer ; 00:00:05     ; 1.0                     ; 4596 MB             ; 00:00:05                           ;
; EDA Netlist Writer        ; 00:00:02     ; 1.0                     ; 4514 MB             ; 00:00:02                           ;
; Total                     ; 00:00:53     ; --                      ; --                  ; 00:00:51                           ;
+---------------------------+--------------+-------------------------+---------------------+------------------------------------+


+----------------------------------------------------------------------------------------+
; Flow OS Summary                                                                        ;
+---------------------------+------------------+-----------+------------+----------------+
; Module Name               ; Machine Hostname ; OS Name   ; OS Version ; Processor type ;
+---------------------------+------------------+-----------+------------+----------------+
; Analysis & Synthesis      ; LAPTOP-0VDIHCFL  ; Windows 7 ; 6.2        ; x86_64         ;
; Partition Merge           ; LAPTOP-0VDIHCFL  ; Windows 7 ; 6.2        ; x86_64         ;
; Fitter                    ; LAPTOP-0VDIHCFL  ; Windows 7 ; 6.2        ; x86_64         ;
; Assembler                 ; LAPTOP-0VDIHCFL  ; Windows 7 ; 6.2        ; x86_64         ;
; PowerPlay Power Analyzer  ; LAPTOP-0VDIHCFL  ; Windows 7 ; 6.2        ; x86_64         ;
; TimeQuest Timing Analyzer ; LAPTOP-0VDIHCFL  ; Windows 7 ; 6.2        ; x86_64         ;
; EDA Netlist Writer        ; LAPTOP-0VDIHCFL  ; Windows 7 ; 6.2        ; x86_64         ;
+---------------------------+------------------+-----------+------------+----------------+


------------
; Flow Log ;
------------
quartus_map --read_settings_files=on --write_settings_files=off aes -c aes
quartus_cdb --read_settings_files=off --write_settings_files=off aes -c aes --merge=on
quartus_fit --read_settings_files=off --write_settings_files=off aes -c aes
quartus_asm --read_settings_files=off --write_settings_files=off aes -c aes
quartus_pow --read_settings_files=off --write_settings_files=off aes -c aes
quartus_sta aes -c aes
quartus_eda --read_settings_files=off --write_settings_files=off aes -c aes



